################################################################################
#
# This file has been generated by SpyGlass:
#     Report Created by: qijiahuan
#     Report Created on: Tue Oct 22 17:32:06 2024
#     Working Directory: /data/usr/qijiahuan/pmp/rtl_qc/work/lint/workspace
#     Report Location  : /data/usr/qijiahuan/pmp/rtl_qc/work/lint/workspace/lint/pmp/mygoal/spyglass_reports/SpyGlass/checksum.rpt
#     SpyGlass Version : SpyGlass_vT-2022.06-1
#     Policy Name      : SpyGlass(SpyGlass_vT-2022.06-1)
#     Comment          : This report contains md5sum of design file(s)
#
################################################################################

=====================================================================================
                         MD5SUM CHECKSUM OF DESIGN FILES 
=====================================================================================
MD5SUM CHECKSUM                   SOURCE              PATH OF DESIGN FILE       
-------------------------------------------------------------------------------------
e7447b49747d2ebab0d631b9f2f0ce83  1      /data/usr/qijiahuan/pmp/rtl/pmp.sv  
d21fb938765fc0f0afffa1084af5f800  1      /data/usr/qijiahuan/pmp/rtl/pmp_compare.sv  
181f33cc889a8f7849bf644e2f64292c  1      /data/usr/qijiahuan/pmp/rtl/pmp_addr_check.sv  
