################################################################################
#
# This file has been generated by SpyGlass:
#     Report Created by: qijiahuan
#     Report Created on: Tue Oct 22 17:32:04 2024
#     Working Directory: /data/usr/qijiahuan/pmp/rtl_qc/work/lint/workspace
#     Report Location  : /data/usr/qijiahuan/pmp/rtl_qc/work/lint/workspace/lint/pmp/mygoal/spyglass_reports/lint/SignalUsageReport.rpt
#     SpyGlass Version : SpyGlass_vT-2022.06-1
#     Policy Name      : lint(SpyGlass_vT-2022.06-1)
#     Comment          : SignalUsageReport : It dumps details of violating bits of a signal

#
################################################################################


Module : pmp(HierName :pmp)

W498 : Following bits of bus 'v_pmp_en'(File Name:/data/usr/qijiahuan/pmp/rtl/pmp.sv Line No.:39) are not read
	[79:32]	


Module : pmp(Hierarchy :pmp)

W111 : Following Bits of signal 'v_pmp_en' (File Name: /data/usr/qijiahuan/pmp/rtl/pmp.sv Line No.: 39) are not read
	[79:32]	

W111 : Following Bits of signal 'v_pmp_cfg_last[31].rsv' (File Name: /data/usr/qijiahuan/pmp/rtl/pmp.sv Line No.: 49) are not read
	[1:0]	

W111 : Following Bits of signal 'v_pmp_cfg_last[30].rsv' (File Name: /data/usr/qijiahuan/pmp/rtl/pmp.sv Line No.: 49) are not read
	[1:0]	

W111 : Following Bits of signal 'v_pmp_cfg_last[29].rsv' (File Name: /data/usr/qijiahuan/pmp/rtl/pmp.sv Line No.: 49) are not read
	[1:0]	

W111 : Following Bits of signal 'v_pmp_cfg_last[28].rsv' (File Name: /data/usr/qijiahuan/pmp/rtl/pmp.sv Line No.: 49) are not read
	[1:0]	

W111 : Following Bits of signal 'v_pmp_cfg_last[27].rsv' (File Name: /data/usr/qijiahuan/pmp/rtl/pmp.sv Line No.: 49) are not read
	[1:0]	

W111 : Following Bits of signal 'v_pmp_cfg_last[26].rsv' (File Name: /data/usr/qijiahuan/pmp/rtl/pmp.sv Line No.: 49) are not read
	[1:0]	

W111 : Following Bits of signal 'v_pmp_cfg_last[25].rsv' (File Name: /data/usr/qijiahuan/pmp/rtl/pmp.sv Line No.: 49) are not read
	[1:0]	

W111 : Following Bits of signal 'v_pmp_cfg_last[24].rsv' (File Name: /data/usr/qijiahuan/pmp/rtl/pmp.sv Line No.: 49) are not read
	[1:0]	

W111 : Following Bits of signal 'v_pmp_cfg_last[23].rsv' (File Name: /data/usr/qijiahuan/pmp/rtl/pmp.sv Line No.: 49) are not read
	[1:0]	

W111 : Following Bits of signal 'v_pmp_cfg_last[22].rsv' (File Name: /data/usr/qijiahuan/pmp/rtl/pmp.sv Line No.: 49) are not read
	[1:0]	

W111 : Following Bits of signal 'v_pmp_cfg_last[21].rsv' (File Name: /data/usr/qijiahuan/pmp/rtl/pmp.sv Line No.: 49) are not read
	[1:0]	

W111 : Following Bits of signal 'v_pmp_cfg_last[20].rsv' (File Name: /data/usr/qijiahuan/pmp/rtl/pmp.sv Line No.: 49) are not read
	[1:0]	

W111 : Following Bits of signal 'v_pmp_cfg_last[19].rsv' (File Name: /data/usr/qijiahuan/pmp/rtl/pmp.sv Line No.: 49) are not read
	[1:0]	

W111 : Following Bits of signal 'v_pmp_cfg_last[18].rsv' (File Name: /data/usr/qijiahuan/pmp/rtl/pmp.sv Line No.: 49) are not read
	[1:0]	

W111 : Following Bits of signal 'v_pmp_cfg_last[17].rsv' (File Name: /data/usr/qijiahuan/pmp/rtl/pmp.sv Line No.: 49) are not read
	[1:0]	

W111 : Following Bits of signal 'v_pmp_cfg_last[16].rsv' (File Name: /data/usr/qijiahuan/pmp/rtl/pmp.sv Line No.: 49) are not read
	[1:0]	

W111 : Following Bits of signal 'v_pmp_cfg_last[15].rsv' (File Name: /data/usr/qijiahuan/pmp/rtl/pmp.sv Line No.: 49) are not read
	[1:0]	

W111 : Following Bits of signal 'v_pmp_cfg_last[14].rsv' (File Name: /data/usr/qijiahuan/pmp/rtl/pmp.sv Line No.: 49) are not read
	[1:0]	

W111 : Following Bits of signal 'v_pmp_cfg_last[13].rsv' (File Name: /data/usr/qijiahuan/pmp/rtl/pmp.sv Line No.: 49) are not read
	[1:0]	

W111 : Following Bits of signal 'v_pmp_cfg_last[12].rsv' (File Name: /data/usr/qijiahuan/pmp/rtl/pmp.sv Line No.: 49) are not read
	[1:0]	

W111 : Following Bits of signal 'v_pmp_cfg_last[11].rsv' (File Name: /data/usr/qijiahuan/pmp/rtl/pmp.sv Line No.: 49) are not read
	[1:0]	

W111 : Following Bits of signal 'v_pmp_cfg_last[10].rsv' (File Name: /data/usr/qijiahuan/pmp/rtl/pmp.sv Line No.: 49) are not read
	[1:0]	

W111 : Following Bits of signal 'v_pmp_cfg_last[9].rsv' (File Name: /data/usr/qijiahuan/pmp/rtl/pmp.sv Line No.: 49) are not read
	[1:0]	

W111 : Following Bits of signal 'v_pmp_cfg_last[8].rsv' (File Name: /data/usr/qijiahuan/pmp/rtl/pmp.sv Line No.: 49) are not read
	[1:0]	

W111 : Following Bits of signal 'v_pmp_cfg_last[7].rsv' (File Name: /data/usr/qijiahuan/pmp/rtl/pmp.sv Line No.: 49) are not read
	[1:0]	

W111 : Following Bits of signal 'v_pmp_cfg_last[6].rsv' (File Name: /data/usr/qijiahuan/pmp/rtl/pmp.sv Line No.: 49) are not read
	[1:0]	

W111 : Following Bits of signal 'v_pmp_cfg_last[5].rsv' (File Name: /data/usr/qijiahuan/pmp/rtl/pmp.sv Line No.: 49) are not read
	[1:0]	

W111 : Following Bits of signal 'v_pmp_cfg_last[4].rsv' (File Name: /data/usr/qijiahuan/pmp/rtl/pmp.sv Line No.: 49) are not read
	[1:0]	

W111 : Following Bits of signal 'v_pmp_cfg_last[3].rsv' (File Name: /data/usr/qijiahuan/pmp/rtl/pmp.sv Line No.: 49) are not read
	[1:0]	

W111 : Following Bits of signal 'v_pmp_cfg_last[2].rsv' (File Name: /data/usr/qijiahuan/pmp/rtl/pmp.sv Line No.: 49) are not read
	[1:0]	

W111 : Following Bits of signal 'v_pmp_cfg_last[1].rsv' (File Name: /data/usr/qijiahuan/pmp/rtl/pmp.sv Line No.: 49) are not read
	[1:0]	

W111 : Following Bits of signal 'v_pmp_cfg_last[0].rsv' (File Name: /data/usr/qijiahuan/pmp/rtl/pmp.sv Line No.: 49) are not read
	[1:0]	


Module : pmp(Hierarchy :pmp)

W528 : Following Bits of signal 'v_pmp_en' (File Name: /data/usr/qijiahuan/pmp/rtl/pmp.sv Line No.: 79) are set but not used
	[79:32]	

W528 : Following Bits of signal 'v_pmp_cfg_last[31].rsv' (File Name: /data/usr/qijiahuan/pmp/rtl/pmp.sv Line No.: 95) are set but not used
	[1:0]	

W528 : Following Bits of signal 'v_pmp_cfg_last[30].rsv' (File Name: /data/usr/qijiahuan/pmp/rtl/pmp.sv Line No.: 95) are set but not used
	[1:0]	

W528 : Following Bits of signal 'v_pmp_cfg_last[29].rsv' (File Name: /data/usr/qijiahuan/pmp/rtl/pmp.sv Line No.: 95) are set but not used
	[1:0]	

W528 : Following Bits of signal 'v_pmp_cfg_last[28].rsv' (File Name: /data/usr/qijiahuan/pmp/rtl/pmp.sv Line No.: 95) are set but not used
	[1:0]	

W528 : Following Bits of signal 'v_pmp_cfg_last[27].rsv' (File Name: /data/usr/qijiahuan/pmp/rtl/pmp.sv Line No.: 95) are set but not used
	[1:0]	

W528 : Following Bits of signal 'v_pmp_cfg_last[26].rsv' (File Name: /data/usr/qijiahuan/pmp/rtl/pmp.sv Line No.: 95) are set but not used
	[1:0]	

W528 : Following Bits of signal 'v_pmp_cfg_last[25].rsv' (File Name: /data/usr/qijiahuan/pmp/rtl/pmp.sv Line No.: 95) are set but not used
	[1:0]	

W528 : Following Bits of signal 'v_pmp_cfg_last[24].rsv' (File Name: /data/usr/qijiahuan/pmp/rtl/pmp.sv Line No.: 95) are set but not used
	[1:0]	

W528 : Following Bits of signal 'v_pmp_cfg_last[23].rsv' (File Name: /data/usr/qijiahuan/pmp/rtl/pmp.sv Line No.: 95) are set but not used
	[1:0]	

W528 : Following Bits of signal 'v_pmp_cfg_last[22].rsv' (File Name: /data/usr/qijiahuan/pmp/rtl/pmp.sv Line No.: 95) are set but not used
	[1:0]	

W528 : Following Bits of signal 'v_pmp_cfg_last[21].rsv' (File Name: /data/usr/qijiahuan/pmp/rtl/pmp.sv Line No.: 95) are set but not used
	[1:0]	

W528 : Following Bits of signal 'v_pmp_cfg_last[20].rsv' (File Name: /data/usr/qijiahuan/pmp/rtl/pmp.sv Line No.: 95) are set but not used
	[1:0]	

W528 : Following Bits of signal 'v_pmp_cfg_last[19].rsv' (File Name: /data/usr/qijiahuan/pmp/rtl/pmp.sv Line No.: 95) are set but not used
	[1:0]	

W528 : Following Bits of signal 'v_pmp_cfg_last[18].rsv' (File Name: /data/usr/qijiahuan/pmp/rtl/pmp.sv Line No.: 95) are set but not used
	[1:0]	

W528 : Following Bits of signal 'v_pmp_cfg_last[17].rsv' (File Name: /data/usr/qijiahuan/pmp/rtl/pmp.sv Line No.: 95) are set but not used
	[1:0]	

W528 : Following Bits of signal 'v_pmp_cfg_last[16].rsv' (File Name: /data/usr/qijiahuan/pmp/rtl/pmp.sv Line No.: 95) are set but not used
	[1:0]	

W528 : Following Bits of signal 'v_pmp_cfg_last[15].rsv' (File Name: /data/usr/qijiahuan/pmp/rtl/pmp.sv Line No.: 95) are set but not used
	[1:0]	

W528 : Following Bits of signal 'v_pmp_cfg_last[14].rsv' (File Name: /data/usr/qijiahuan/pmp/rtl/pmp.sv Line No.: 95) are set but not used
	[1:0]	

W528 : Following Bits of signal 'v_pmp_cfg_last[13].rsv' (File Name: /data/usr/qijiahuan/pmp/rtl/pmp.sv Line No.: 95) are set but not used
	[1:0]	

W528 : Following Bits of signal 'v_pmp_cfg_last[12].rsv' (File Name: /data/usr/qijiahuan/pmp/rtl/pmp.sv Line No.: 95) are set but not used
	[1:0]	

W528 : Following Bits of signal 'v_pmp_cfg_last[11].rsv' (File Name: /data/usr/qijiahuan/pmp/rtl/pmp.sv Line No.: 95) are set but not used
	[1:0]	

W528 : Following Bits of signal 'v_pmp_cfg_last[10].rsv' (File Name: /data/usr/qijiahuan/pmp/rtl/pmp.sv Line No.: 95) are set but not used
	[1:0]	

W528 : Following Bits of signal 'v_pmp_cfg_last[9].rsv' (File Name: /data/usr/qijiahuan/pmp/rtl/pmp.sv Line No.: 95) are set but not used
	[1:0]	

W528 : Following Bits of signal 'v_pmp_cfg_last[8].rsv' (File Name: /data/usr/qijiahuan/pmp/rtl/pmp.sv Line No.: 95) are set but not used
	[1:0]	

W528 : Following Bits of signal 'v_pmp_cfg_last[7].rsv' (File Name: /data/usr/qijiahuan/pmp/rtl/pmp.sv Line No.: 95) are set but not used
	[1:0]	

W528 : Following Bits of signal 'v_pmp_cfg_last[6].rsv' (File Name: /data/usr/qijiahuan/pmp/rtl/pmp.sv Line No.: 95) are set but not used
	[1:0]	

W528 : Following Bits of signal 'v_pmp_cfg_last[5].rsv' (File Name: /data/usr/qijiahuan/pmp/rtl/pmp.sv Line No.: 95) are set but not used
	[1:0]	

W528 : Following Bits of signal 'v_pmp_cfg_last[4].rsv' (File Name: /data/usr/qijiahuan/pmp/rtl/pmp.sv Line No.: 95) are set but not used
	[1:0]	

W528 : Following Bits of signal 'v_pmp_cfg_last[3].rsv' (File Name: /data/usr/qijiahuan/pmp/rtl/pmp.sv Line No.: 95) are set but not used
	[1:0]	

W528 : Following Bits of signal 'v_pmp_cfg_last[2].rsv' (File Name: /data/usr/qijiahuan/pmp/rtl/pmp.sv Line No.: 95) are set but not used
	[1:0]	

W528 : Following Bits of signal 'v_pmp_cfg_last[1].rsv' (File Name: /data/usr/qijiahuan/pmp/rtl/pmp.sv Line No.: 95) are set but not used
	[1:0]	

W528 : Following Bits of signal 'v_pmp_cfg_last[0].rsv' (File Name: /data/usr/qijiahuan/pmp/rtl/pmp.sv Line No.: 95) are set but not used
	[1:0]	


Module : pmp_compare(Hierarchy :pmp:\pmp_compare_array[0].u_pmp_checker @pmp_compare)

W111 : Following Bits of signal 'v_hit_one_hot_m1' (File Name: /data/usr/qijiahuan/pmp/rtl/pmp_compare.sv Line No.: 24) are not read
	[31:0]	

W111 : Following Bits of signal 'v_hit_entry.rsv' (File Name: /data/usr/qijiahuan/pmp/rtl/pmp_compare.sv Line No.: 27) are not read
	[1:0]	

W111 : Following Bits of signal 'v_hit_entry.a' (File Name: /data/usr/qijiahuan/pmp/rtl/pmp_compare.sv Line No.: 27) are not read
	[1:0]	


Module : pmp_compare(Hierarchy :pmp:\pmp_compare_array[0].u_pmp_checker @pmp_compare)

W528 : Following Bits of signal 'v_hit_one_hot_m1' (File Name: /data/usr/qijiahuan/pmp/rtl/pmp_compare.sv Line No.: 51) are set but not used
	[31:0]	

W528 : Following Bits of signal 'v_hit_entry.rsv' (File Name: /data/usr/qijiahuan/pmp/rtl/pmp_compare.sv Line No.: 63) are set but not used
	[1:0]	

W528 : Following Bits of signal 'v_hit_entry.a' (File Name: /data/usr/qijiahuan/pmp/rtl/pmp_compare.sv Line No.: 63) are set but not used
	[1:0]	

W123 (Verilog) : There are no violations of the rule for multibit variables


W497 (Verilog) : There are no violations of the rule for multibit signals


W240 (Verilog) : There are no violations of the rule for multibit variables


W241 (Verilog) : There are no violations of the rule for multibit variables


W120 (Verilog) : There are no violations of the rule for multibit variables
