################################################################################
#
# This file has been generated by SpyGlass:
#     Report Created by: qijiahuan
#     Report Created on: Tue Oct 22 17:32:04 2024
#     Working Directory: /data/usr/qijiahuan/pmp/rtl_qc/work/lint/workspace
#     Report Location  : /data/usr/qijiahuan/pmp/rtl_qc/work/lint/workspace/lint/pmp/mygoal/spyglass_reports/SpyGlass/sglib_version_summary.rpt
#     SpyGlass Version : SpyGlass_vT-2022.06-1
#     Policy Name      : SpyGlass(SpyGlass_vT-2022.06-1)
#     Comment          : Summary Report for details and status of SgLibs and enhancements done in SpyGlass Library Compiler releases.
#
################################################################################

++++++++++++++++++++++++++++++++++++++++++++++++++++++++++++++++++++++++++++++++
Details of sglib files present in this run
--------------------------------------------------------------------------------
 sglib         :  /data/usr/qijiahuan/pmp/rtl_qc/work/lint/workspace/lint/spyglass_cache/autogenerated_sglib/aggregate.sglib
 compiled with :  SpyGlass_vT-2022.06-1
 status        :  up-to-date
================================================================================

++++++++++++++++++++++++++++++++++++++++++++++++++++++++++++++++++++++++++++++++
--------------------------------------------------------------------------------
++++++++++++++++++++++++++++++++++++++++++++++++++++++++++++++++++++++++++++++++
