################################################################################
#
# This file has been generated by SpyGlass:
#     Report Created by: qijiahuan
#     Report Created on: Tue Oct 22 17:32:08 2024
#     Working Directory: /data/usr/qijiahuan/pmp/rtl_qc/work/lint/workspace
#     Report Location  : /data/usr/qijiahuan/pmp/rtl_qc/work/lint/workspace/lint/pmp/mygoal/spyglass_reports/SpyGlass/unsynth_modules.rpt
#     SpyGlass Version : SpyGlass_vT-2022.06-1
#     Policy Name      : SpyGlass(SpyGlass_vT-2022.06-1)
#     Comment          : This report tells user about the Unsynthesized modules in the Design
#
################################################################################

Design Unit Name : pmp_compare
File             : /data/usr/qijiahuan/pmp/rtl/pmp_compare.sv
Line             : 2
Reason           : SYNTH_5255 error(s) found during synthesis
Cross Ref Id     : REFID_1:SYNTH_5255[126]
BBox Viol Id     : 444
Remedy           : Fix Synthesis errors



Quick Synth Error Reference
=====================================================================================================================================================================================================================

ViolId  CrossRefId  RuleName    AliasName  Severity        FileName                                    LineNo  Violation
---------------------------------------------------------------------------------------------------------------------------------------------------------------------------------------------------------------------
[126]   REFID_1     SYNTH_5255             SynthesisError  /data/usr/qijiahuan/pmp/rtl/pmp_compare.sv  56      pmp_compare -> Illegal bit select. Index 32 for "v_hit" is out of range [31:0] in expression: "v_hit[j]"
