++++++++++++++++++++++++++++++++++++++++++++++++++++++++++
Module : pmp_addr_check (pass : 0)


++++++++++++++++++++++++++++++++++++++++++++++++++++++++++

++++++++++++++++++++++++++++++++++++++++++++++++++++++++++
Module : pmp (pass : 0)

\v_pmp_addr_reg[0][0]  --> LNF.. 
\v_pmp_addr_reg[0][1]  --> LNF.. 
\v_pmp_addr_reg[0][2]  --> LNF.. 
\v_pmp_addr_reg[0][3]  --> LNF.. 
\v_pmp_addr_reg[0][4]  --> LNF.. 
\v_pmp_addr_reg[0][5]  --> LNF.. 
\v_pmp_addr_reg[0][6]  --> LNF.. 
\v_pmp_addr_reg[0][7]  --> LNF.. 
\v_pmp_addr_reg[0][8]  --> LNF.. 
\v_pmp_addr_reg[0][9]  --> LNF.. 
\v_pmp_addr_reg[0][10]  --> LNF.. 
\v_pmp_addr_reg[0][11]  --> LNF.. 
\v_pmp_addr_reg[0][12]  --> LNF.. 
\v_pmp_addr_reg[0][13]  --> LNF.. 
\v_pmp_addr_reg[0][14]  --> LNF.. 
\v_pmp_addr_reg[0][15]  --> LNF.. 
\v_pmp_addr_reg[0][16]  --> LNF.. 
\v_pmp_addr_reg[0][17]  --> LNF.. 
\v_pmp_addr_reg[0][18]  --> LNF.. 
\v_pmp_addr_reg[0][19]  --> LNF.. 
\v_pmp_addr_reg[0][20]  --> LNF.. 
\v_pmp_addr_reg[0][21]  --> LNF.. 
\v_pmp_addr_reg[0][22]  --> LNF.. 
\v_pmp_addr_reg[0][23]  --> LNF.. 
\v_pmp_addr_reg[0][24]  --> LNF.. 
\v_pmp_addr_reg[0][25]  --> LNF.. 
\v_pmp_addr_reg[0][26]  --> LNF.. 
\v_pmp_addr_reg[0][27]  --> LNF.. 
\v_pmp_addr_reg[0][28]  --> LNF.. 
\v_pmp_addr_reg[0][29]  --> LNF.. 
\v_pmp_addr_reg[0][30]  --> LNF.. 
\v_pmp_addr_reg[0][31]  --> LNF.. 
\v_pmp_addr_reg[1][0]  --> LNF.. 
\v_pmp_addr_reg[1][1]  --> LNF.. 
\v_pmp_addr_reg[1][2]  --> LNF.. 
\v_pmp_addr_reg[1][3]  --> LNF.. 
\v_pmp_addr_reg[1][4]  --> LNF.. 
\v_pmp_addr_reg[1][5]  --> LNF.. 
\v_pmp_addr_reg[1][6]  --> LNF.. 
\v_pmp_addr_reg[1][7]  --> LNF.. 
\v_pmp_addr_reg[1][8]  --> LNF.. 
\v_pmp_addr_reg[1][9]  --> LNF.. 
\v_pmp_addr_reg[1][10]  --> LNF.. 
\v_pmp_addr_reg[1][11]  --> LNF.. 
\v_pmp_addr_reg[1][12]  --> LNF.. 
\v_pmp_addr_reg[1][13]  --> LNF.. 
\v_pmp_addr_reg[1][14]  --> LNF.. 
\v_pmp_addr_reg[1][15]  --> LNF.. 
\v_pmp_addr_reg[1][16]  --> LNF.. 
\v_pmp_addr_reg[1][17]  --> LNF.. 
\v_pmp_addr_reg[1][18]  --> LNF.. 
\v_pmp_addr_reg[1][19]  --> LNF.. 
\v_pmp_addr_reg[1][20]  --> LNF.. 
\v_pmp_addr_reg[1][21]  --> LNF.. 
\v_pmp_addr_reg[1][22]  --> LNF.. 
\v_pmp_addr_reg[1][23]  --> LNF.. 
\v_pmp_addr_reg[1][24]  --> LNF.. 
\v_pmp_addr_reg[1][25]  --> LNF.. 
\v_pmp_addr_reg[1][26]  --> LNF.. 
\v_pmp_addr_reg[1][27]  --> LNF.. 
\v_pmp_addr_reg[1][28]  --> LNF.. 
\v_pmp_addr_reg[1][29]  --> LNF.. 
\v_pmp_addr_reg[1][30]  --> LNF.. 
\v_pmp_addr_reg[1][31]  --> LNF.. 
\v_pmp_addr_reg[2][0]  --> LNF.. 
\v_pmp_addr_reg[2][1]  --> LNF.. 
\v_pmp_addr_reg[2][2]  --> LNF.. 
\v_pmp_addr_reg[2][3]  --> LNF.. 
\v_pmp_addr_reg[2][4]  --> LNF.. 
\v_pmp_addr_reg[2][5]  --> LNF.. 
\v_pmp_addr_reg[2][6]  --> LNF.. 
\v_pmp_addr_reg[2][7]  --> LNF.. 
\v_pmp_addr_reg[2][8]  --> LNF.. 
\v_pmp_addr_reg[2][9]  --> LNF.. 
\v_pmp_addr_reg[2][10]  --> LNF.. 
\v_pmp_addr_reg[2][11]  --> LNF.. 
\v_pmp_addr_reg[2][12]  --> LNF.. 
\v_pmp_addr_reg[2][13]  --> LNF.. 
\v_pmp_addr_reg[2][14]  --> LNF.. 
\v_pmp_addr_reg[2][15]  --> LNF.. 
\v_pmp_addr_reg[2][16]  --> LNF.. 
\v_pmp_addr_reg[2][17]  --> LNF.. 
\v_pmp_addr_reg[2][18]  --> LNF.. 
\v_pmp_addr_reg[2][19]  --> LNF.. 
\v_pmp_addr_reg[2][20]  --> LNF.. 
\v_pmp_addr_reg[2][21]  --> LNF.. 
\v_pmp_addr_reg[2][22]  --> LNF.. 
\v_pmp_addr_reg[2][23]  --> LNF.. 
\v_pmp_addr_reg[2][24]  --> LNF.. 
\v_pmp_addr_reg[2][25]  --> LNF.. 
\v_pmp_addr_reg[2][26]  --> LNF.. 
\v_pmp_addr_reg[2][27]  --> LNF.. 
\v_pmp_addr_reg[2][28]  --> LNF.. 
\v_pmp_addr_reg[2][29]  --> LNF.. 
\v_pmp_addr_reg[2][30]  --> LNF.. 
\v_pmp_addr_reg[2][31]  --> LNF.. 
\v_pmp_addr_reg[3][0]  --> LNF.. 
\v_pmp_addr_reg[3][1]  --> LNF.. 
\v_pmp_addr_reg[3][2]  --> LNF.. 
\v_pmp_addr_reg[3][3]  --> LNF.. 
\v_pmp_addr_reg[3][4]  --> LNF.. 
\v_pmp_addr_reg[3][5]  --> LNF.. 
\v_pmp_addr_reg[3][6]  --> LNF.. 
\v_pmp_addr_reg[3][7]  --> LNF.. 
\v_pmp_addr_reg[3][8]  --> LNF.. 
\v_pmp_addr_reg[3][9]  --> LNF.. 
\v_pmp_addr_reg[3][10]  --> LNF.. 
\v_pmp_addr_reg[3][11]  --> LNF.. 
\v_pmp_addr_reg[3][12]  --> LNF.. 
\v_pmp_addr_reg[3][13]  --> LNF.. 
\v_pmp_addr_reg[3][14]  --> LNF.. 
\v_pmp_addr_reg[3][15]  --> LNF.. 
\v_pmp_addr_reg[3][16]  --> LNF.. 
\v_pmp_addr_reg[3][17]  --> LNF.. 
\v_pmp_addr_reg[3][18]  --> LNF.. 
\v_pmp_addr_reg[3][19]  --> LNF.. 
\v_pmp_addr_reg[3][20]  --> LNF.. 
\v_pmp_addr_reg[3][21]  --> LNF.. 
\v_pmp_addr_reg[3][22]  --> LNF.. 
\v_pmp_addr_reg[3][23]  --> LNF.. 
\v_pmp_addr_reg[3][24]  --> LNF.. 
\v_pmp_addr_reg[3][25]  --> LNF.. 
\v_pmp_addr_reg[3][26]  --> LNF.. 
\v_pmp_addr_reg[3][27]  --> LNF.. 
\v_pmp_addr_reg[3][28]  --> LNF.. 
\v_pmp_addr_reg[3][29]  --> LNF.. 
\v_pmp_addr_reg[3][30]  --> LNF.. 
\v_pmp_addr_reg[3][31]  --> LNF.. 
\v_pmp_addr_reg[4][0]  --> LNF.. 
\v_pmp_addr_reg[4][1]  --> LNF.. 
\v_pmp_addr_reg[4][2]  --> LNF.. 
\v_pmp_addr_reg[4][3]  --> LNF.. 
\v_pmp_addr_reg[4][4]  --> LNF.. 
\v_pmp_addr_reg[4][5]  --> LNF.. 
\v_pmp_addr_reg[4][6]  --> LNF.. 
\v_pmp_addr_reg[4][7]  --> LNF.. 
\v_pmp_addr_reg[4][8]  --> LNF.. 
\v_pmp_addr_reg[4][9]  --> LNF.. 
\v_pmp_addr_reg[4][10]  --> LNF.. 
\v_pmp_addr_reg[4][11]  --> LNF.. 
\v_pmp_addr_reg[4][12]  --> LNF.. 
\v_pmp_addr_reg[4][13]  --> LNF.. 
\v_pmp_addr_reg[4][14]  --> LNF.. 
\v_pmp_addr_reg[4][15]  --> LNF.. 
\v_pmp_addr_reg[4][16]  --> LNF.. 
\v_pmp_addr_reg[4][17]  --> LNF.. 
\v_pmp_addr_reg[4][18]  --> LNF.. 
\v_pmp_addr_reg[4][19]  --> LNF.. 
\v_pmp_addr_reg[4][20]  --> LNF.. 
\v_pmp_addr_reg[4][21]  --> LNF.. 
\v_pmp_addr_reg[4][22]  --> LNF.. 
\v_pmp_addr_reg[4][23]  --> LNF.. 
\v_pmp_addr_reg[4][24]  --> LNF.. 
\v_pmp_addr_reg[4][25]  --> LNF.. 
\v_pmp_addr_reg[4][26]  --> LNF.. 
\v_pmp_addr_reg[4][27]  --> LNF.. 
\v_pmp_addr_reg[4][28]  --> LNF.. 
\v_pmp_addr_reg[4][29]  --> LNF.. 
\v_pmp_addr_reg[4][30]  --> LNF.. 
\v_pmp_addr_reg[4][31]  --> LNF.. 
\v_pmp_addr_reg[5][0]  --> LNF.. 
\v_pmp_addr_reg[5][1]  --> LNF.. 
\v_pmp_addr_reg[5][2]  --> LNF.. 
\v_pmp_addr_reg[5][3]  --> LNF.. 
\v_pmp_addr_reg[5][4]  --> LNF.. 
\v_pmp_addr_reg[5][5]  --> LNF.. 
\v_pmp_addr_reg[5][6]  --> LNF.. 
\v_pmp_addr_reg[5][7]  --> LNF.. 
\v_pmp_addr_reg[5][8]  --> LNF.. 
\v_pmp_addr_reg[5][9]  --> LNF.. 
\v_pmp_addr_reg[5][10]  --> LNF.. 
\v_pmp_addr_reg[5][11]  --> LNF.. 
\v_pmp_addr_reg[5][12]  --> LNF.. 
\v_pmp_addr_reg[5][13]  --> LNF.. 
\v_pmp_addr_reg[5][14]  --> LNF.. 
\v_pmp_addr_reg[5][15]  --> LNF.. 
\v_pmp_addr_reg[5][16]  --> LNF.. 
\v_pmp_addr_reg[5][17]  --> LNF.. 
\v_pmp_addr_reg[5][18]  --> LNF.. 
\v_pmp_addr_reg[5][19]  --> LNF.. 
\v_pmp_addr_reg[5][20]  --> LNF.. 
\v_pmp_addr_reg[5][21]  --> LNF.. 
\v_pmp_addr_reg[5][22]  --> LNF.. 
\v_pmp_addr_reg[5][23]  --> LNF.. 
\v_pmp_addr_reg[5][24]  --> LNF.. 
\v_pmp_addr_reg[5][25]  --> LNF.. 
\v_pmp_addr_reg[5][26]  --> LNF.. 
\v_pmp_addr_reg[5][27]  --> LNF.. 
\v_pmp_addr_reg[5][28]  --> LNF.. 
\v_pmp_addr_reg[5][29]  --> LNF.. 
\v_pmp_addr_reg[5][30]  --> LNF.. 
\v_pmp_addr_reg[5][31]  --> LNF.. 
\v_pmp_addr_reg[6][0]  --> LNF.. 
\v_pmp_addr_reg[6][1]  --> LNF.. 
\v_pmp_addr_reg[6][2]  --> LNF.. 
\v_pmp_addr_reg[6][3]  --> LNF.. 
\v_pmp_addr_reg[6][4]  --> LNF.. 
\v_pmp_addr_reg[6][5]  --> LNF.. 
\v_pmp_addr_reg[6][6]  --> LNF.. 
\v_pmp_addr_reg[6][7]  --> LNF.. 
\v_pmp_addr_reg[6][8]  --> LNF.. 
\v_pmp_addr_reg[6][9]  --> LNF.. 
\v_pmp_addr_reg[6][10]  --> LNF.. 
\v_pmp_addr_reg[6][11]  --> LNF.. 
\v_pmp_addr_reg[6][12]  --> LNF.. 
\v_pmp_addr_reg[6][13]  --> LNF.. 
\v_pmp_addr_reg[6][14]  --> LNF.. 
\v_pmp_addr_reg[6][15]  --> LNF.. 
\v_pmp_addr_reg[6][16]  --> LNF.. 
\v_pmp_addr_reg[6][17]  --> LNF.. 
\v_pmp_addr_reg[6][18]  --> LNF.. 
\v_pmp_addr_reg[6][19]  --> LNF.. 
\v_pmp_addr_reg[6][20]  --> LNF.. 
\v_pmp_addr_reg[6][21]  --> LNF.. 
\v_pmp_addr_reg[6][22]  --> LNF.. 
\v_pmp_addr_reg[6][23]  --> LNF.. 
\v_pmp_addr_reg[6][24]  --> LNF.. 
\v_pmp_addr_reg[6][25]  --> LNF.. 
\v_pmp_addr_reg[6][26]  --> LNF.. 
\v_pmp_addr_reg[6][27]  --> LNF.. 
\v_pmp_addr_reg[6][28]  --> LNF.. 
\v_pmp_addr_reg[6][29]  --> LNF.. 
\v_pmp_addr_reg[6][30]  --> LNF.. 
\v_pmp_addr_reg[6][31]  --> LNF.. 
\v_pmp_addr_reg[7][0]  --> LNF.. 
\v_pmp_addr_reg[7][1]  --> LNF.. 
\v_pmp_addr_reg[7][2]  --> LNF.. 
\v_pmp_addr_reg[7][3]  --> LNF.. 
\v_pmp_addr_reg[7][4]  --> LNF.. 
\v_pmp_addr_reg[7][5]  --> LNF.. 
\v_pmp_addr_reg[7][6]  --> LNF.. 
\v_pmp_addr_reg[7][7]  --> LNF.. 
\v_pmp_addr_reg[7][8]  --> LNF.. 
\v_pmp_addr_reg[7][9]  --> LNF.. 
\v_pmp_addr_reg[7][10]  --> LNF.. 
\v_pmp_addr_reg[7][11]  --> LNF.. 
\v_pmp_addr_reg[7][12]  --> LNF.. 
\v_pmp_addr_reg[7][13]  --> LNF.. 
\v_pmp_addr_reg[7][14]  --> LNF.. 
\v_pmp_addr_reg[7][15]  --> LNF.. 
\v_pmp_addr_reg[7][16]  --> LNF.. 
\v_pmp_addr_reg[7][17]  --> LNF.. 
\v_pmp_addr_reg[7][18]  --> LNF.. 
\v_pmp_addr_reg[7][19]  --> LNF.. 
\v_pmp_addr_reg[7][20]  --> LNF.. 
\v_pmp_addr_reg[7][21]  --> LNF.. 
\v_pmp_addr_reg[7][22]  --> LNF.. 
\v_pmp_addr_reg[7][23]  --> LNF.. 
\v_pmp_addr_reg[7][24]  --> LNF.. 
\v_pmp_addr_reg[7][25]  --> LNF.. 
\v_pmp_addr_reg[7][26]  --> LNF.. 
\v_pmp_addr_reg[7][27]  --> LNF.. 
\v_pmp_addr_reg[7][28]  --> LNF.. 
\v_pmp_addr_reg[7][29]  --> LNF.. 
\v_pmp_addr_reg[7][30]  --> LNF.. 
\v_pmp_addr_reg[7][31]  --> LNF.. 
\v_pmp_addr_reg[8][0]  --> LNF.. 
\v_pmp_addr_reg[8][1]  --> LNF.. 
\v_pmp_addr_reg[8][2]  --> LNF.. 
\v_pmp_addr_reg[8][3]  --> LNF.. 
\v_pmp_addr_reg[8][4]  --> LNF.. 
\v_pmp_addr_reg[8][5]  --> LNF.. 
\v_pmp_addr_reg[8][6]  --> LNF.. 
\v_pmp_addr_reg[8][7]  --> LNF.. 
\v_pmp_addr_reg[8][8]  --> LNF.. 
\v_pmp_addr_reg[8][9]  --> LNF.. 
\v_pmp_addr_reg[8][10]  --> LNF.. 
\v_pmp_addr_reg[8][11]  --> LNF.. 
\v_pmp_addr_reg[8][12]  --> LNF.. 
\v_pmp_addr_reg[8][13]  --> LNF.. 
\v_pmp_addr_reg[8][14]  --> LNF.. 
\v_pmp_addr_reg[8][15]  --> LNF.. 
\v_pmp_addr_reg[8][16]  --> LNF.. 
\v_pmp_addr_reg[8][17]  --> LNF.. 
\v_pmp_addr_reg[8][18]  --> LNF.. 
\v_pmp_addr_reg[8][19]  --> LNF.. 
\v_pmp_addr_reg[8][20]  --> LNF.. 
\v_pmp_addr_reg[8][21]  --> LNF.. 
\v_pmp_addr_reg[8][22]  --> LNF.. 
\v_pmp_addr_reg[8][23]  --> LNF.. 
\v_pmp_addr_reg[8][24]  --> LNF.. 
\v_pmp_addr_reg[8][25]  --> LNF.. 
\v_pmp_addr_reg[8][26]  --> LNF.. 
\v_pmp_addr_reg[8][27]  --> LNF.. 
\v_pmp_addr_reg[8][28]  --> LNF.. 
\v_pmp_addr_reg[8][29]  --> LNF.. 
\v_pmp_addr_reg[8][30]  --> LNF.. 
\v_pmp_addr_reg[8][31]  --> LNF.. 
\v_pmp_addr_reg[9][0]  --> LNF.. 
\v_pmp_addr_reg[9][1]  --> LNF.. 
\v_pmp_addr_reg[9][2]  --> LNF.. 
\v_pmp_addr_reg[9][3]  --> LNF.. 
\v_pmp_addr_reg[9][4]  --> LNF.. 
\v_pmp_addr_reg[9][5]  --> LNF.. 
\v_pmp_addr_reg[9][6]  --> LNF.. 
\v_pmp_addr_reg[9][7]  --> LNF.. 
\v_pmp_addr_reg[9][8]  --> LNF.. 
\v_pmp_addr_reg[9][9]  --> LNF.. 
\v_pmp_addr_reg[9][10]  --> LNF.. 
\v_pmp_addr_reg[9][11]  --> LNF.. 
\v_pmp_addr_reg[9][12]  --> LNF.. 
\v_pmp_addr_reg[9][13]  --> LNF.. 
\v_pmp_addr_reg[9][14]  --> LNF.. 
\v_pmp_addr_reg[9][15]  --> LNF.. 
\v_pmp_addr_reg[9][16]  --> LNF.. 
\v_pmp_addr_reg[9][17]  --> LNF.. 
\v_pmp_addr_reg[9][18]  --> LNF.. 
\v_pmp_addr_reg[9][19]  --> LNF.. 
\v_pmp_addr_reg[9][20]  --> LNF.. 
\v_pmp_addr_reg[9][21]  --> LNF.. 
\v_pmp_addr_reg[9][22]  --> LNF.. 
\v_pmp_addr_reg[9][23]  --> LNF.. 
\v_pmp_addr_reg[9][24]  --> LNF.. 
\v_pmp_addr_reg[9][25]  --> LNF.. 
\v_pmp_addr_reg[9][26]  --> LNF.. 
\v_pmp_addr_reg[9][27]  --> LNF.. 
\v_pmp_addr_reg[9][28]  --> LNF.. 
\v_pmp_addr_reg[9][29]  --> LNF.. 
\v_pmp_addr_reg[9][30]  --> LNF.. 
\v_pmp_addr_reg[9][31]  --> LNF.. 
\v_pmp_addr_reg[10][0]  --> LNF.. 
\v_pmp_addr_reg[10][1]  --> LNF.. 
\v_pmp_addr_reg[10][2]  --> LNF.. 
\v_pmp_addr_reg[10][3]  --> LNF.. 
\v_pmp_addr_reg[10][4]  --> LNF.. 
\v_pmp_addr_reg[10][5]  --> LNF.. 
\v_pmp_addr_reg[10][6]  --> LNF.. 
\v_pmp_addr_reg[10][7]  --> LNF.. 
\v_pmp_addr_reg[10][8]  --> LNF.. 
\v_pmp_addr_reg[10][9]  --> LNF.. 
\v_pmp_addr_reg[10][10]  --> LNF.. 
\v_pmp_addr_reg[10][11]  --> LNF.. 
\v_pmp_addr_reg[10][12]  --> LNF.. 
\v_pmp_addr_reg[10][13]  --> LNF.. 
\v_pmp_addr_reg[10][14]  --> LNF.. 
\v_pmp_addr_reg[10][15]  --> LNF.. 
\v_pmp_addr_reg[10][16]  --> LNF.. 
\v_pmp_addr_reg[10][17]  --> LNF.. 
\v_pmp_addr_reg[10][18]  --> LNF.. 
\v_pmp_addr_reg[10][19]  --> LNF.. 
\v_pmp_addr_reg[10][20]  --> LNF.. 
\v_pmp_addr_reg[10][21]  --> LNF.. 
\v_pmp_addr_reg[10][22]  --> LNF.. 
\v_pmp_addr_reg[10][23]  --> LNF.. 
\v_pmp_addr_reg[10][24]  --> LNF.. 
\v_pmp_addr_reg[10][25]  --> LNF.. 
\v_pmp_addr_reg[10][26]  --> LNF.. 
\v_pmp_addr_reg[10][27]  --> LNF.. 
\v_pmp_addr_reg[10][28]  --> LNF.. 
\v_pmp_addr_reg[10][29]  --> LNF.. 
\v_pmp_addr_reg[10][30]  --> LNF.. 
\v_pmp_addr_reg[10][31]  --> LNF.. 
\v_pmp_addr_reg[11][0]  --> LNF.. 
\v_pmp_addr_reg[11][1]  --> LNF.. 
\v_pmp_addr_reg[11][2]  --> LNF.. 
\v_pmp_addr_reg[11][3]  --> LNF.. 
\v_pmp_addr_reg[11][4]  --> LNF.. 
\v_pmp_addr_reg[11][5]  --> LNF.. 
\v_pmp_addr_reg[11][6]  --> LNF.. 
\v_pmp_addr_reg[11][7]  --> LNF.. 
\v_pmp_addr_reg[11][8]  --> LNF.. 
\v_pmp_addr_reg[11][9]  --> LNF.. 
\v_pmp_addr_reg[11][10]  --> LNF.. 
\v_pmp_addr_reg[11][11]  --> LNF.. 
\v_pmp_addr_reg[11][12]  --> LNF.. 
\v_pmp_addr_reg[11][13]  --> LNF.. 
\v_pmp_addr_reg[11][14]  --> LNF.. 
\v_pmp_addr_reg[11][15]  --> LNF.. 
\v_pmp_addr_reg[11][16]  --> LNF.. 
\v_pmp_addr_reg[11][17]  --> LNF.. 
\v_pmp_addr_reg[11][18]  --> LNF.. 
\v_pmp_addr_reg[11][19]  --> LNF.. 
\v_pmp_addr_reg[11][20]  --> LNF.. 
\v_pmp_addr_reg[11][21]  --> LNF.. 
\v_pmp_addr_reg[11][22]  --> LNF.. 
\v_pmp_addr_reg[11][23]  --> LNF.. 
\v_pmp_addr_reg[11][24]  --> LNF.. 
\v_pmp_addr_reg[11][25]  --> LNF.. 
\v_pmp_addr_reg[11][26]  --> LNF.. 
\v_pmp_addr_reg[11][27]  --> LNF.. 
\v_pmp_addr_reg[11][28]  --> LNF.. 
\v_pmp_addr_reg[11][29]  --> LNF.. 
\v_pmp_addr_reg[11][30]  --> LNF.. 
\v_pmp_addr_reg[11][31]  --> LNF.. 
\v_pmp_addr_reg[12][0]  --> LNF.. 
\v_pmp_addr_reg[12][1]  --> LNF.. 
\v_pmp_addr_reg[12][2]  --> LNF.. 
\v_pmp_addr_reg[12][3]  --> LNF.. 
\v_pmp_addr_reg[12][4]  --> LNF.. 
\v_pmp_addr_reg[12][5]  --> LNF.. 
\v_pmp_addr_reg[12][6]  --> LNF.. 
\v_pmp_addr_reg[12][7]  --> LNF.. 
\v_pmp_addr_reg[12][8]  --> LNF.. 
\v_pmp_addr_reg[12][9]  --> LNF.. 
\v_pmp_addr_reg[12][10]  --> LNF.. 
\v_pmp_addr_reg[12][11]  --> LNF.. 
\v_pmp_addr_reg[12][12]  --> LNF.. 
\v_pmp_addr_reg[12][13]  --> LNF.. 
\v_pmp_addr_reg[12][14]  --> LNF.. 
\v_pmp_addr_reg[12][15]  --> LNF.. 
\v_pmp_addr_reg[12][16]  --> LNF.. 
\v_pmp_addr_reg[12][17]  --> LNF.. 
\v_pmp_addr_reg[12][18]  --> LNF.. 
\v_pmp_addr_reg[12][19]  --> LNF.. 
\v_pmp_addr_reg[12][20]  --> LNF.. 
\v_pmp_addr_reg[12][21]  --> LNF.. 
\v_pmp_addr_reg[12][22]  --> LNF.. 
\v_pmp_addr_reg[12][23]  --> LNF.. 
\v_pmp_addr_reg[12][24]  --> LNF.. 
\v_pmp_addr_reg[12][25]  --> LNF.. 
\v_pmp_addr_reg[12][26]  --> LNF.. 
\v_pmp_addr_reg[12][27]  --> LNF.. 
\v_pmp_addr_reg[12][28]  --> LNF.. 
\v_pmp_addr_reg[12][29]  --> LNF.. 
\v_pmp_addr_reg[12][30]  --> LNF.. 
\v_pmp_addr_reg[12][31]  --> LNF.. 
\v_pmp_addr_reg[13][0]  --> LNF.. 
\v_pmp_addr_reg[13][1]  --> LNF.. 
\v_pmp_addr_reg[13][2]  --> LNF.. 
\v_pmp_addr_reg[13][3]  --> LNF.. 
\v_pmp_addr_reg[13][4]  --> LNF.. 
\v_pmp_addr_reg[13][5]  --> LNF.. 
\v_pmp_addr_reg[13][6]  --> LNF.. 
\v_pmp_addr_reg[13][7]  --> LNF.. 
\v_pmp_addr_reg[13][8]  --> LNF.. 
\v_pmp_addr_reg[13][9]  --> LNF.. 
\v_pmp_addr_reg[13][10]  --> LNF.. 
\v_pmp_addr_reg[13][11]  --> LNF.. 
\v_pmp_addr_reg[13][12]  --> LNF.. 
\v_pmp_addr_reg[13][13]  --> LNF.. 
\v_pmp_addr_reg[13][14]  --> LNF.. 
\v_pmp_addr_reg[13][15]  --> LNF.. 
\v_pmp_addr_reg[13][16]  --> LNF.. 
\v_pmp_addr_reg[13][17]  --> LNF.. 
\v_pmp_addr_reg[13][18]  --> LNF.. 
\v_pmp_addr_reg[13][19]  --> LNF.. 
\v_pmp_addr_reg[13][20]  --> LNF.. 
\v_pmp_addr_reg[13][21]  --> LNF.. 
\v_pmp_addr_reg[13][22]  --> LNF.. 
\v_pmp_addr_reg[13][23]  --> LNF.. 
\v_pmp_addr_reg[13][24]  --> LNF.. 
\v_pmp_addr_reg[13][25]  --> LNF.. 
\v_pmp_addr_reg[13][26]  --> LNF.. 
\v_pmp_addr_reg[13][27]  --> LNF.. 
\v_pmp_addr_reg[13][28]  --> LNF.. 
\v_pmp_addr_reg[13][29]  --> LNF.. 
\v_pmp_addr_reg[13][30]  --> LNF.. 
\v_pmp_addr_reg[13][31]  --> LNF.. 
\v_pmp_addr_reg[14][0]  --> LNF.. 
\v_pmp_addr_reg[14][1]  --> LNF.. 
\v_pmp_addr_reg[14][2]  --> LNF.. 
\v_pmp_addr_reg[14][3]  --> LNF.. 
\v_pmp_addr_reg[14][4]  --> LNF.. 
\v_pmp_addr_reg[14][5]  --> LNF.. 
\v_pmp_addr_reg[14][6]  --> LNF.. 
\v_pmp_addr_reg[14][7]  --> LNF.. 
\v_pmp_addr_reg[14][8]  --> LNF.. 
\v_pmp_addr_reg[14][9]  --> LNF.. 
\v_pmp_addr_reg[14][10]  --> LNF.. 
\v_pmp_addr_reg[14][11]  --> LNF.. 
\v_pmp_addr_reg[14][12]  --> LNF.. 
\v_pmp_addr_reg[14][13]  --> LNF.. 
\v_pmp_addr_reg[14][14]  --> LNF.. 
\v_pmp_addr_reg[14][15]  --> LNF.. 
\v_pmp_addr_reg[14][16]  --> LNF.. 
\v_pmp_addr_reg[14][17]  --> LNF.. 
\v_pmp_addr_reg[14][18]  --> LNF.. 
\v_pmp_addr_reg[14][19]  --> LNF.. 
\v_pmp_addr_reg[14][20]  --> LNF.. 
\v_pmp_addr_reg[14][21]  --> LNF.. 
\v_pmp_addr_reg[14][22]  --> LNF.. 
\v_pmp_addr_reg[14][23]  --> LNF.. 
\v_pmp_addr_reg[14][24]  --> LNF.. 
\v_pmp_addr_reg[14][25]  --> LNF.. 
\v_pmp_addr_reg[14][26]  --> LNF.. 
\v_pmp_addr_reg[14][27]  --> LNF.. 
\v_pmp_addr_reg[14][28]  --> LNF.. 
\v_pmp_addr_reg[14][29]  --> LNF.. 
\v_pmp_addr_reg[14][30]  --> LNF.. 
\v_pmp_addr_reg[14][31]  --> LNF.. 
\v_pmp_addr_reg[15][0]  --> LNF.. 
\v_pmp_addr_reg[15][1]  --> LNF.. 
\v_pmp_addr_reg[15][2]  --> LNF.. 
\v_pmp_addr_reg[15][3]  --> LNF.. 
\v_pmp_addr_reg[15][4]  --> LNF.. 
\v_pmp_addr_reg[15][5]  --> LNF.. 
\v_pmp_addr_reg[15][6]  --> LNF.. 
\v_pmp_addr_reg[15][7]  --> LNF.. 
\v_pmp_addr_reg[15][8]  --> LNF.. 
\v_pmp_addr_reg[15][9]  --> LNF.. 
\v_pmp_addr_reg[15][10]  --> LNF.. 
\v_pmp_addr_reg[15][11]  --> LNF.. 
\v_pmp_addr_reg[15][12]  --> LNF.. 
\v_pmp_addr_reg[15][13]  --> LNF.. 
\v_pmp_addr_reg[15][14]  --> LNF.. 
\v_pmp_addr_reg[15][15]  --> LNF.. 
\v_pmp_addr_reg[15][16]  --> LNF.. 
\v_pmp_addr_reg[15][17]  --> LNF.. 
\v_pmp_addr_reg[15][18]  --> LNF.. 
\v_pmp_addr_reg[15][19]  --> LNF.. 
\v_pmp_addr_reg[15][20]  --> LNF.. 
\v_pmp_addr_reg[15][21]  --> LNF.. 
\v_pmp_addr_reg[15][22]  --> LNF.. 
\v_pmp_addr_reg[15][23]  --> LNF.. 
\v_pmp_addr_reg[15][24]  --> LNF.. 
\v_pmp_addr_reg[15][25]  --> LNF.. 
\v_pmp_addr_reg[15][26]  --> LNF.. 
\v_pmp_addr_reg[15][27]  --> LNF.. 
\v_pmp_addr_reg[15][28]  --> LNF.. 
\v_pmp_addr_reg[15][29]  --> LNF.. 
\v_pmp_addr_reg[15][30]  --> LNF.. 
\v_pmp_addr_reg[15][31]  --> LNF.. 
\v_pmp_addr_reg[16][0]  --> LNF.. 
\v_pmp_addr_reg[16][1]  --> LNF.. 
\v_pmp_addr_reg[16][2]  --> LNF.. 
\v_pmp_addr_reg[16][3]  --> LNF.. 
\v_pmp_addr_reg[16][4]  --> LNF.. 
\v_pmp_addr_reg[16][5]  --> LNF.. 
\v_pmp_addr_reg[16][6]  --> LNF.. 
\v_pmp_addr_reg[16][7]  --> LNF.. 
\v_pmp_addr_reg[16][8]  --> LNF.. 
\v_pmp_addr_reg[16][9]  --> LNF.. 
\v_pmp_addr_reg[16][10]  --> LNF.. 
\v_pmp_addr_reg[16][11]  --> LNF.. 
\v_pmp_addr_reg[16][12]  --> LNF.. 
\v_pmp_addr_reg[16][13]  --> LNF.. 
\v_pmp_addr_reg[16][14]  --> LNF.. 
\v_pmp_addr_reg[16][15]  --> LNF.. 
\v_pmp_addr_reg[16][16]  --> LNF.. 
\v_pmp_addr_reg[16][17]  --> LNF.. 
\v_pmp_addr_reg[16][18]  --> LNF.. 
\v_pmp_addr_reg[16][19]  --> LNF.. 
\v_pmp_addr_reg[16][20]  --> LNF.. 
\v_pmp_addr_reg[16][21]  --> LNF.. 
\v_pmp_addr_reg[16][22]  --> LNF.. 
\v_pmp_addr_reg[16][23]  --> LNF.. 
\v_pmp_addr_reg[16][24]  --> LNF.. 
\v_pmp_addr_reg[16][25]  --> LNF.. 
\v_pmp_addr_reg[16][26]  --> LNF.. 
\v_pmp_addr_reg[16][27]  --> LNF.. 
\v_pmp_addr_reg[16][28]  --> LNF.. 
\v_pmp_addr_reg[16][29]  --> LNF.. 
\v_pmp_addr_reg[16][30]  --> LNF.. 
\v_pmp_addr_reg[16][31]  --> LNF.. 
\v_pmp_addr_reg[17][0]  --> LNF.. 
\v_pmp_addr_reg[17][1]  --> LNF.. 
\v_pmp_addr_reg[17][2]  --> LNF.. 
\v_pmp_addr_reg[17][3]  --> LNF.. 
\v_pmp_addr_reg[17][4]  --> LNF.. 
\v_pmp_addr_reg[17][5]  --> LNF.. 
\v_pmp_addr_reg[17][6]  --> LNF.. 
\v_pmp_addr_reg[17][7]  --> LNF.. 
\v_pmp_addr_reg[17][8]  --> LNF.. 
\v_pmp_addr_reg[17][9]  --> LNF.. 
\v_pmp_addr_reg[17][10]  --> LNF.. 
\v_pmp_addr_reg[17][11]  --> LNF.. 
\v_pmp_addr_reg[17][12]  --> LNF.. 
\v_pmp_addr_reg[17][13]  --> LNF.. 
\v_pmp_addr_reg[17][14]  --> LNF.. 
\v_pmp_addr_reg[17][15]  --> LNF.. 
\v_pmp_addr_reg[17][16]  --> LNF.. 
\v_pmp_addr_reg[17][17]  --> LNF.. 
\v_pmp_addr_reg[17][18]  --> LNF.. 
\v_pmp_addr_reg[17][19]  --> LNF.. 
\v_pmp_addr_reg[17][20]  --> LNF.. 
\v_pmp_addr_reg[17][21]  --> LNF.. 
\v_pmp_addr_reg[17][22]  --> LNF.. 
\v_pmp_addr_reg[17][23]  --> LNF.. 
\v_pmp_addr_reg[17][24]  --> LNF.. 
\v_pmp_addr_reg[17][25]  --> LNF.. 
\v_pmp_addr_reg[17][26]  --> LNF.. 
\v_pmp_addr_reg[17][27]  --> LNF.. 
\v_pmp_addr_reg[17][28]  --> LNF.. 
\v_pmp_addr_reg[17][29]  --> LNF.. 
\v_pmp_addr_reg[17][30]  --> LNF.. 
\v_pmp_addr_reg[17][31]  --> LNF.. 
\v_pmp_addr_reg[18][0]  --> LNF.. 
\v_pmp_addr_reg[18][1]  --> LNF.. 
\v_pmp_addr_reg[18][2]  --> LNF.. 
\v_pmp_addr_reg[18][3]  --> LNF.. 
\v_pmp_addr_reg[18][4]  --> LNF.. 
\v_pmp_addr_reg[18][5]  --> LNF.. 
\v_pmp_addr_reg[18][6]  --> LNF.. 
\v_pmp_addr_reg[18][7]  --> LNF.. 
\v_pmp_addr_reg[18][8]  --> LNF.. 
\v_pmp_addr_reg[18][9]  --> LNF.. 
\v_pmp_addr_reg[18][10]  --> LNF.. 
\v_pmp_addr_reg[18][11]  --> LNF.. 
\v_pmp_addr_reg[18][12]  --> LNF.. 
\v_pmp_addr_reg[18][13]  --> LNF.. 
\v_pmp_addr_reg[18][14]  --> LNF.. 
\v_pmp_addr_reg[18][15]  --> LNF.. 
\v_pmp_addr_reg[18][16]  --> LNF.. 
\v_pmp_addr_reg[18][17]  --> LNF.. 
\v_pmp_addr_reg[18][18]  --> LNF.. 
\v_pmp_addr_reg[18][19]  --> LNF.. 
\v_pmp_addr_reg[18][20]  --> LNF.. 
\v_pmp_addr_reg[18][21]  --> LNF.. 
\v_pmp_addr_reg[18][22]  --> LNF.. 
\v_pmp_addr_reg[18][23]  --> LNF.. 
\v_pmp_addr_reg[18][24]  --> LNF.. 
\v_pmp_addr_reg[18][25]  --> LNF.. 
\v_pmp_addr_reg[18][26]  --> LNF.. 
\v_pmp_addr_reg[18][27]  --> LNF.. 
\v_pmp_addr_reg[18][28]  --> LNF.. 
\v_pmp_addr_reg[18][29]  --> LNF.. 
\v_pmp_addr_reg[18][30]  --> LNF.. 
\v_pmp_addr_reg[18][31]  --> LNF.. 
\v_pmp_addr_reg[19][0]  --> LNF.. 
\v_pmp_addr_reg[19][1]  --> LNF.. 
\v_pmp_addr_reg[19][2]  --> LNF.. 
\v_pmp_addr_reg[19][3]  --> LNF.. 
\v_pmp_addr_reg[19][4]  --> LNF.. 
\v_pmp_addr_reg[19][5]  --> LNF.. 
\v_pmp_addr_reg[19][6]  --> LNF.. 
\v_pmp_addr_reg[19][7]  --> LNF.. 
\v_pmp_addr_reg[19][8]  --> LNF.. 
\v_pmp_addr_reg[19][9]  --> LNF.. 
\v_pmp_addr_reg[19][10]  --> LNF.. 
\v_pmp_addr_reg[19][11]  --> LNF.. 
\v_pmp_addr_reg[19][12]  --> LNF.. 
\v_pmp_addr_reg[19][13]  --> LNF.. 
\v_pmp_addr_reg[19][14]  --> LNF.. 
\v_pmp_addr_reg[19][15]  --> LNF.. 
\v_pmp_addr_reg[19][16]  --> LNF.. 
\v_pmp_addr_reg[19][17]  --> LNF.. 
\v_pmp_addr_reg[19][18]  --> LNF.. 
\v_pmp_addr_reg[19][19]  --> LNF.. 
\v_pmp_addr_reg[19][20]  --> LNF.. 
\v_pmp_addr_reg[19][21]  --> LNF.. 
\v_pmp_addr_reg[19][22]  --> LNF.. 
\v_pmp_addr_reg[19][23]  --> LNF.. 
\v_pmp_addr_reg[19][24]  --> LNF.. 
\v_pmp_addr_reg[19][25]  --> LNF.. 
\v_pmp_addr_reg[19][26]  --> LNF.. 
\v_pmp_addr_reg[19][27]  --> LNF.. 
\v_pmp_addr_reg[19][28]  --> LNF.. 
\v_pmp_addr_reg[19][29]  --> LNF.. 
\v_pmp_addr_reg[19][30]  --> LNF.. 
\v_pmp_addr_reg[19][31]  --> LNF.. 
\v_pmp_addr_reg[20][0]  --> LNF.. 
\v_pmp_addr_reg[20][1]  --> LNF.. 
\v_pmp_addr_reg[20][2]  --> LNF.. 
\v_pmp_addr_reg[20][3]  --> LNF.. 
\v_pmp_addr_reg[20][4]  --> LNF.. 
\v_pmp_addr_reg[20][5]  --> LNF.. 
\v_pmp_addr_reg[20][6]  --> LNF.. 
\v_pmp_addr_reg[20][7]  --> LNF.. 
\v_pmp_addr_reg[20][8]  --> LNF.. 
\v_pmp_addr_reg[20][9]  --> LNF.. 
\v_pmp_addr_reg[20][10]  --> LNF.. 
\v_pmp_addr_reg[20][11]  --> LNF.. 
\v_pmp_addr_reg[20][12]  --> LNF.. 
\v_pmp_addr_reg[20][13]  --> LNF.. 
\v_pmp_addr_reg[20][14]  --> LNF.. 
\v_pmp_addr_reg[20][15]  --> LNF.. 
\v_pmp_addr_reg[20][16]  --> LNF.. 
\v_pmp_addr_reg[20][17]  --> LNF.. 
\v_pmp_addr_reg[20][18]  --> LNF.. 
\v_pmp_addr_reg[20][19]  --> LNF.. 
\v_pmp_addr_reg[20][20]  --> LNF.. 
\v_pmp_addr_reg[20][21]  --> LNF.. 
\v_pmp_addr_reg[20][22]  --> LNF.. 
\v_pmp_addr_reg[20][23]  --> LNF.. 
\v_pmp_addr_reg[20][24]  --> LNF.. 
\v_pmp_addr_reg[20][25]  --> LNF.. 
\v_pmp_addr_reg[20][26]  --> LNF.. 
\v_pmp_addr_reg[20][27]  --> LNF.. 
\v_pmp_addr_reg[20][28]  --> LNF.. 
\v_pmp_addr_reg[20][29]  --> LNF.. 
\v_pmp_addr_reg[20][30]  --> LNF.. 
\v_pmp_addr_reg[20][31]  --> LNF.. 
\v_pmp_addr_reg[21][0]  --> LNF.. 
\v_pmp_addr_reg[21][1]  --> LNF.. 
\v_pmp_addr_reg[21][2]  --> LNF.. 
\v_pmp_addr_reg[21][3]  --> LNF.. 
\v_pmp_addr_reg[21][4]  --> LNF.. 
\v_pmp_addr_reg[21][5]  --> LNF.. 
\v_pmp_addr_reg[21][6]  --> LNF.. 
\v_pmp_addr_reg[21][7]  --> LNF.. 
\v_pmp_addr_reg[21][8]  --> LNF.. 
\v_pmp_addr_reg[21][9]  --> LNF.. 
\v_pmp_addr_reg[21][10]  --> LNF.. 
\v_pmp_addr_reg[21][11]  --> LNF.. 
\v_pmp_addr_reg[21][12]  --> LNF.. 
\v_pmp_addr_reg[21][13]  --> LNF.. 
\v_pmp_addr_reg[21][14]  --> LNF.. 
\v_pmp_addr_reg[21][15]  --> LNF.. 
\v_pmp_addr_reg[21][16]  --> LNF.. 
\v_pmp_addr_reg[21][17]  --> LNF.. 
\v_pmp_addr_reg[21][18]  --> LNF.. 
\v_pmp_addr_reg[21][19]  --> LNF.. 
\v_pmp_addr_reg[21][20]  --> LNF.. 
\v_pmp_addr_reg[21][21]  --> LNF.. 
\v_pmp_addr_reg[21][22]  --> LNF.. 
\v_pmp_addr_reg[21][23]  --> LNF.. 
\v_pmp_addr_reg[21][24]  --> LNF.. 
\v_pmp_addr_reg[21][25]  --> LNF.. 
\v_pmp_addr_reg[21][26]  --> LNF.. 
\v_pmp_addr_reg[21][27]  --> LNF.. 
\v_pmp_addr_reg[21][28]  --> LNF.. 
\v_pmp_addr_reg[21][29]  --> LNF.. 
\v_pmp_addr_reg[21][30]  --> LNF.. 
\v_pmp_addr_reg[21][31]  --> LNF.. 
\v_pmp_addr_reg[22][0]  --> LNF.. 
\v_pmp_addr_reg[22][1]  --> LNF.. 
\v_pmp_addr_reg[22][2]  --> LNF.. 
\v_pmp_addr_reg[22][3]  --> LNF.. 
\v_pmp_addr_reg[22][4]  --> LNF.. 
\v_pmp_addr_reg[22][5]  --> LNF.. 
\v_pmp_addr_reg[22][6]  --> LNF.. 
\v_pmp_addr_reg[22][7]  --> LNF.. 
\v_pmp_addr_reg[22][8]  --> LNF.. 
\v_pmp_addr_reg[22][9]  --> LNF.. 
\v_pmp_addr_reg[22][10]  --> LNF.. 
\v_pmp_addr_reg[22][11]  --> LNF.. 
\v_pmp_addr_reg[22][12]  --> LNF.. 
\v_pmp_addr_reg[22][13]  --> LNF.. 
\v_pmp_addr_reg[22][14]  --> LNF.. 
\v_pmp_addr_reg[22][15]  --> LNF.. 
\v_pmp_addr_reg[22][16]  --> LNF.. 
\v_pmp_addr_reg[22][17]  --> LNF.. 
\v_pmp_addr_reg[22][18]  --> LNF.. 
\v_pmp_addr_reg[22][19]  --> LNF.. 
\v_pmp_addr_reg[22][20]  --> LNF.. 
\v_pmp_addr_reg[22][21]  --> LNF.. 
\v_pmp_addr_reg[22][22]  --> LNF.. 
\v_pmp_addr_reg[22][23]  --> LNF.. 
\v_pmp_addr_reg[22][24]  --> LNF.. 
\v_pmp_addr_reg[22][25]  --> LNF.. 
\v_pmp_addr_reg[22][26]  --> LNF.. 
\v_pmp_addr_reg[22][27]  --> LNF.. 
\v_pmp_addr_reg[22][28]  --> LNF.. 
\v_pmp_addr_reg[22][29]  --> LNF.. 
\v_pmp_addr_reg[22][30]  --> LNF.. 
\v_pmp_addr_reg[22][31]  --> LNF.. 
\v_pmp_addr_reg[23][0]  --> LNF.. 
\v_pmp_addr_reg[23][1]  --> LNF.. 
\v_pmp_addr_reg[23][2]  --> LNF.. 
\v_pmp_addr_reg[23][3]  --> LNF.. 
\v_pmp_addr_reg[23][4]  --> LNF.. 
\v_pmp_addr_reg[23][5]  --> LNF.. 
\v_pmp_addr_reg[23][6]  --> LNF.. 
\v_pmp_addr_reg[23][7]  --> LNF.. 
\v_pmp_addr_reg[23][8]  --> LNF.. 
\v_pmp_addr_reg[23][9]  --> LNF.. 
\v_pmp_addr_reg[23][10]  --> LNF.. 
\v_pmp_addr_reg[23][11]  --> LNF.. 
\v_pmp_addr_reg[23][12]  --> LNF.. 
\v_pmp_addr_reg[23][13]  --> LNF.. 
\v_pmp_addr_reg[23][14]  --> LNF.. 
\v_pmp_addr_reg[23][15]  --> LNF.. 
\v_pmp_addr_reg[23][16]  --> LNF.. 
\v_pmp_addr_reg[23][17]  --> LNF.. 
\v_pmp_addr_reg[23][18]  --> LNF.. 
\v_pmp_addr_reg[23][19]  --> LNF.. 
\v_pmp_addr_reg[23][20]  --> LNF.. 
\v_pmp_addr_reg[23][21]  --> LNF.. 
\v_pmp_addr_reg[23][22]  --> LNF.. 
\v_pmp_addr_reg[23][23]  --> LNF.. 
\v_pmp_addr_reg[23][24]  --> LNF.. 
\v_pmp_addr_reg[23][25]  --> LNF.. 
\v_pmp_addr_reg[23][26]  --> LNF.. 
\v_pmp_addr_reg[23][27]  --> LNF.. 
\v_pmp_addr_reg[23][28]  --> LNF.. 
\v_pmp_addr_reg[23][29]  --> LNF.. 
\v_pmp_addr_reg[23][30]  --> LNF.. 
\v_pmp_addr_reg[23][31]  --> LNF.. 
\v_pmp_addr_reg[24][0]  --> LNF.. 
\v_pmp_addr_reg[24][1]  --> LNF.. 
\v_pmp_addr_reg[24][2]  --> LNF.. 
\v_pmp_addr_reg[24][3]  --> LNF.. 
\v_pmp_addr_reg[24][4]  --> LNF.. 
\v_pmp_addr_reg[24][5]  --> LNF.. 
\v_pmp_addr_reg[24][6]  --> LNF.. 
\v_pmp_addr_reg[24][7]  --> LNF.. 
\v_pmp_addr_reg[24][8]  --> LNF.. 
\v_pmp_addr_reg[24][9]  --> LNF.. 
\v_pmp_addr_reg[24][10]  --> LNF.. 
\v_pmp_addr_reg[24][11]  --> LNF.. 
\v_pmp_addr_reg[24][12]  --> LNF.. 
\v_pmp_addr_reg[24][13]  --> LNF.. 
\v_pmp_addr_reg[24][14]  --> LNF.. 
\v_pmp_addr_reg[24][15]  --> LNF.. 
\v_pmp_addr_reg[24][16]  --> LNF.. 
\v_pmp_addr_reg[24][17]  --> LNF.. 
\v_pmp_addr_reg[24][18]  --> LNF.. 
\v_pmp_addr_reg[24][19]  --> LNF.. 
\v_pmp_addr_reg[24][20]  --> LNF.. 
\v_pmp_addr_reg[24][21]  --> LNF.. 
\v_pmp_addr_reg[24][22]  --> LNF.. 
\v_pmp_addr_reg[24][23]  --> LNF.. 
\v_pmp_addr_reg[24][24]  --> LNF.. 
\v_pmp_addr_reg[24][25]  --> LNF.. 
\v_pmp_addr_reg[24][26]  --> LNF.. 
\v_pmp_addr_reg[24][27]  --> LNF.. 
\v_pmp_addr_reg[24][28]  --> LNF.. 
\v_pmp_addr_reg[24][29]  --> LNF.. 
\v_pmp_addr_reg[24][30]  --> LNF.. 
\v_pmp_addr_reg[24][31]  --> LNF.. 
\v_pmp_addr_reg[25][0]  --> LNF.. 
\v_pmp_addr_reg[25][1]  --> LNF.. 
\v_pmp_addr_reg[25][2]  --> LNF.. 
\v_pmp_addr_reg[25][3]  --> LNF.. 
\v_pmp_addr_reg[25][4]  --> LNF.. 
\v_pmp_addr_reg[25][5]  --> LNF.. 
\v_pmp_addr_reg[25][6]  --> LNF.. 
\v_pmp_addr_reg[25][7]  --> LNF.. 
\v_pmp_addr_reg[25][8]  --> LNF.. 
\v_pmp_addr_reg[25][9]  --> LNF.. 
\v_pmp_addr_reg[25][10]  --> LNF.. 
\v_pmp_addr_reg[25][11]  --> LNF.. 
\v_pmp_addr_reg[25][12]  --> LNF.. 
\v_pmp_addr_reg[25][13]  --> LNF.. 
\v_pmp_addr_reg[25][14]  --> LNF.. 
\v_pmp_addr_reg[25][15]  --> LNF.. 
\v_pmp_addr_reg[25][16]  --> LNF.. 
\v_pmp_addr_reg[25][17]  --> LNF.. 
\v_pmp_addr_reg[25][18]  --> LNF.. 
\v_pmp_addr_reg[25][19]  --> LNF.. 
\v_pmp_addr_reg[25][20]  --> LNF.. 
\v_pmp_addr_reg[25][21]  --> LNF.. 
\v_pmp_addr_reg[25][22]  --> LNF.. 
\v_pmp_addr_reg[25][23]  --> LNF.. 
\v_pmp_addr_reg[25][24]  --> LNF.. 
\v_pmp_addr_reg[25][25]  --> LNF.. 
\v_pmp_addr_reg[25][26]  --> LNF.. 
\v_pmp_addr_reg[25][27]  --> LNF.. 
\v_pmp_addr_reg[25][28]  --> LNF.. 
\v_pmp_addr_reg[25][29]  --> LNF.. 
\v_pmp_addr_reg[25][30]  --> LNF.. 
\v_pmp_addr_reg[25][31]  --> LNF.. 
\v_pmp_addr_reg[26][0]  --> LNF.. 
\v_pmp_addr_reg[26][1]  --> LNF.. 
\v_pmp_addr_reg[26][2]  --> LNF.. 
\v_pmp_addr_reg[26][3]  --> LNF.. 
\v_pmp_addr_reg[26][4]  --> LNF.. 
\v_pmp_addr_reg[26][5]  --> LNF.. 
\v_pmp_addr_reg[26][6]  --> LNF.. 
\v_pmp_addr_reg[26][7]  --> LNF.. 
\v_pmp_addr_reg[26][8]  --> LNF.. 
\v_pmp_addr_reg[26][9]  --> LNF.. 
\v_pmp_addr_reg[26][10]  --> LNF.. 
\v_pmp_addr_reg[26][11]  --> LNF.. 
\v_pmp_addr_reg[26][12]  --> LNF.. 
\v_pmp_addr_reg[26][13]  --> LNF.. 
\v_pmp_addr_reg[26][14]  --> LNF.. 
\v_pmp_addr_reg[26][15]  --> LNF.. 
\v_pmp_addr_reg[26][16]  --> LNF.. 
\v_pmp_addr_reg[26][17]  --> LNF.. 
\v_pmp_addr_reg[26][18]  --> LNF.. 
\v_pmp_addr_reg[26][19]  --> LNF.. 
\v_pmp_addr_reg[26][20]  --> LNF.. 
\v_pmp_addr_reg[26][21]  --> LNF.. 
\v_pmp_addr_reg[26][22]  --> LNF.. 
\v_pmp_addr_reg[26][23]  --> LNF.. 
\v_pmp_addr_reg[26][24]  --> LNF.. 
\v_pmp_addr_reg[26][25]  --> LNF.. 
\v_pmp_addr_reg[26][26]  --> LNF.. 
\v_pmp_addr_reg[26][27]  --> LNF.. 
\v_pmp_addr_reg[26][28]  --> LNF.. 
\v_pmp_addr_reg[26][29]  --> LNF.. 
\v_pmp_addr_reg[26][30]  --> LNF.. 
\v_pmp_addr_reg[26][31]  --> LNF.. 
\v_pmp_addr_reg[27][0]  --> LNF.. 
\v_pmp_addr_reg[27][1]  --> LNF.. 
\v_pmp_addr_reg[27][2]  --> LNF.. 
\v_pmp_addr_reg[27][3]  --> LNF.. 
\v_pmp_addr_reg[27][4]  --> LNF.. 
\v_pmp_addr_reg[27][5]  --> LNF.. 
\v_pmp_addr_reg[27][6]  --> LNF.. 
\v_pmp_addr_reg[27][7]  --> LNF.. 
\v_pmp_addr_reg[27][8]  --> LNF.. 
\v_pmp_addr_reg[27][9]  --> LNF.. 
\v_pmp_addr_reg[27][10]  --> LNF.. 
\v_pmp_addr_reg[27][11]  --> LNF.. 
\v_pmp_addr_reg[27][12]  --> LNF.. 
\v_pmp_addr_reg[27][13]  --> LNF.. 
\v_pmp_addr_reg[27][14]  --> LNF.. 
\v_pmp_addr_reg[27][15]  --> LNF.. 
\v_pmp_addr_reg[27][16]  --> LNF.. 
\v_pmp_addr_reg[27][17]  --> LNF.. 
\v_pmp_addr_reg[27][18]  --> LNF.. 
\v_pmp_addr_reg[27][19]  --> LNF.. 
\v_pmp_addr_reg[27][20]  --> LNF.. 
\v_pmp_addr_reg[27][21]  --> LNF.. 
\v_pmp_addr_reg[27][22]  --> LNF.. 
\v_pmp_addr_reg[27][23]  --> LNF.. 
\v_pmp_addr_reg[27][24]  --> LNF.. 
\v_pmp_addr_reg[27][25]  --> LNF.. 
\v_pmp_addr_reg[27][26]  --> LNF.. 
\v_pmp_addr_reg[27][27]  --> LNF.. 
\v_pmp_addr_reg[27][28]  --> LNF.. 
\v_pmp_addr_reg[27][29]  --> LNF.. 
\v_pmp_addr_reg[27][30]  --> LNF.. 
\v_pmp_addr_reg[27][31]  --> LNF.. 
\v_pmp_addr_reg[28][0]  --> LNF.. 
\v_pmp_addr_reg[28][1]  --> LNF.. 
\v_pmp_addr_reg[28][2]  --> LNF.. 
\v_pmp_addr_reg[28][3]  --> LNF.. 
\v_pmp_addr_reg[28][4]  --> LNF.. 
\v_pmp_addr_reg[28][5]  --> LNF.. 
\v_pmp_addr_reg[28][6]  --> LNF.. 
\v_pmp_addr_reg[28][7]  --> LNF.. 
\v_pmp_addr_reg[28][8]  --> LNF.. 
\v_pmp_addr_reg[28][9]  --> LNF.. 
\v_pmp_addr_reg[28][10]  --> LNF.. 
\v_pmp_addr_reg[28][11]  --> LNF.. 
\v_pmp_addr_reg[28][12]  --> LNF.. 
\v_pmp_addr_reg[28][13]  --> LNF.. 
\v_pmp_addr_reg[28][14]  --> LNF.. 
\v_pmp_addr_reg[28][15]  --> LNF.. 
\v_pmp_addr_reg[28][16]  --> LNF.. 
\v_pmp_addr_reg[28][17]  --> LNF.. 
\v_pmp_addr_reg[28][18]  --> LNF.. 
\v_pmp_addr_reg[28][19]  --> LNF.. 
\v_pmp_addr_reg[28][20]  --> LNF.. 
\v_pmp_addr_reg[28][21]  --> LNF.. 
\v_pmp_addr_reg[28][22]  --> LNF.. 
\v_pmp_addr_reg[28][23]  --> LNF.. 
\v_pmp_addr_reg[28][24]  --> LNF.. 
\v_pmp_addr_reg[28][25]  --> LNF.. 
\v_pmp_addr_reg[28][26]  --> LNF.. 
\v_pmp_addr_reg[28][27]  --> LNF.. 
\v_pmp_addr_reg[28][28]  --> LNF.. 
\v_pmp_addr_reg[28][29]  --> LNF.. 
\v_pmp_addr_reg[28][30]  --> LNF.. 
\v_pmp_addr_reg[28][31]  --> LNF.. 
\v_pmp_addr_reg[29][0]  --> LNF.. 
\v_pmp_addr_reg[29][1]  --> LNF.. 
\v_pmp_addr_reg[29][2]  --> LNF.. 
\v_pmp_addr_reg[29][3]  --> LNF.. 
\v_pmp_addr_reg[29][4]  --> LNF.. 
\v_pmp_addr_reg[29][5]  --> LNF.. 
\v_pmp_addr_reg[29][6]  --> LNF.. 
\v_pmp_addr_reg[29][7]  --> LNF.. 
\v_pmp_addr_reg[29][8]  --> LNF.. 
\v_pmp_addr_reg[29][9]  --> LNF.. 
\v_pmp_addr_reg[29][10]  --> LNF.. 
\v_pmp_addr_reg[29][11]  --> LNF.. 
\v_pmp_addr_reg[29][12]  --> LNF.. 
\v_pmp_addr_reg[29][13]  --> LNF.. 
\v_pmp_addr_reg[29][14]  --> LNF.. 
\v_pmp_addr_reg[29][15]  --> LNF.. 
\v_pmp_addr_reg[29][16]  --> LNF.. 
\v_pmp_addr_reg[29][17]  --> LNF.. 
\v_pmp_addr_reg[29][18]  --> LNF.. 
\v_pmp_addr_reg[29][19]  --> LNF.. 
\v_pmp_addr_reg[29][20]  --> LNF.. 
\v_pmp_addr_reg[29][21]  --> LNF.. 
\v_pmp_addr_reg[29][22]  --> LNF.. 
\v_pmp_addr_reg[29][23]  --> LNF.. 
\v_pmp_addr_reg[29][24]  --> LNF.. 
\v_pmp_addr_reg[29][25]  --> LNF.. 
\v_pmp_addr_reg[29][26]  --> LNF.. 
\v_pmp_addr_reg[29][27]  --> LNF.. 
\v_pmp_addr_reg[29][28]  --> LNF.. 
\v_pmp_addr_reg[29][29]  --> LNF.. 
\v_pmp_addr_reg[29][30]  --> LNF.. 
\v_pmp_addr_reg[29][31]  --> LNF.. 
\v_pmp_addr_reg[30][0]  --> LNF.. 
\v_pmp_addr_reg[30][1]  --> LNF.. 
\v_pmp_addr_reg[30][2]  --> LNF.. 
\v_pmp_addr_reg[30][3]  --> LNF.. 
\v_pmp_addr_reg[30][4]  --> LNF.. 
\v_pmp_addr_reg[30][5]  --> LNF.. 
\v_pmp_addr_reg[30][6]  --> LNF.. 
\v_pmp_addr_reg[30][7]  --> LNF.. 
\v_pmp_addr_reg[30][8]  --> LNF.. 
\v_pmp_addr_reg[30][9]  --> LNF.. 
\v_pmp_addr_reg[30][10]  --> LNF.. 
\v_pmp_addr_reg[30][11]  --> LNF.. 
\v_pmp_addr_reg[30][12]  --> LNF.. 
\v_pmp_addr_reg[30][13]  --> LNF.. 
\v_pmp_addr_reg[30][14]  --> LNF.. 
\v_pmp_addr_reg[30][15]  --> LNF.. 
\v_pmp_addr_reg[30][16]  --> LNF.. 
\v_pmp_addr_reg[30][17]  --> LNF.. 
\v_pmp_addr_reg[30][18]  --> LNF.. 
\v_pmp_addr_reg[30][19]  --> LNF.. 
\v_pmp_addr_reg[30][20]  --> LNF.. 
\v_pmp_addr_reg[30][21]  --> LNF.. 
\v_pmp_addr_reg[30][22]  --> LNF.. 
\v_pmp_addr_reg[30][23]  --> LNF.. 
\v_pmp_addr_reg[30][24]  --> LNF.. 
\v_pmp_addr_reg[30][25]  --> LNF.. 
\v_pmp_addr_reg[30][26]  --> LNF.. 
\v_pmp_addr_reg[30][27]  --> LNF.. 
\v_pmp_addr_reg[30][28]  --> LNF.. 
\v_pmp_addr_reg[30][29]  --> LNF.. 
\v_pmp_addr_reg[30][30]  --> LNF.. 
\v_pmp_addr_reg[30][31]  --> LNF.. 
\v_pmp_addr_reg[31][0]  --> LNF.. 
\v_pmp_addr_reg[31][1]  --> LNF.. 
\v_pmp_addr_reg[31][2]  --> LNF.. 
\v_pmp_addr_reg[31][3]  --> LNF.. 
\v_pmp_addr_reg[31][4]  --> LNF.. 
\v_pmp_addr_reg[31][5]  --> LNF.. 
\v_pmp_addr_reg[31][6]  --> LNF.. 
\v_pmp_addr_reg[31][7]  --> LNF.. 
\v_pmp_addr_reg[31][8]  --> LNF.. 
\v_pmp_addr_reg[31][9]  --> LNF.. 
\v_pmp_addr_reg[31][10]  --> LNF.. 
\v_pmp_addr_reg[31][11]  --> LNF.. 
\v_pmp_addr_reg[31][12]  --> LNF.. 
\v_pmp_addr_reg[31][13]  --> LNF.. 
\v_pmp_addr_reg[31][14]  --> LNF.. 
\v_pmp_addr_reg[31][15]  --> LNF.. 
\v_pmp_addr_reg[31][16]  --> LNF.. 
\v_pmp_addr_reg[31][17]  --> LNF.. 
\v_pmp_addr_reg[31][18]  --> LNF.. 
\v_pmp_addr_reg[31][19]  --> LNF.. 
\v_pmp_addr_reg[31][20]  --> LNF.. 
\v_pmp_addr_reg[31][21]  --> LNF.. 
\v_pmp_addr_reg[31][22]  --> LNF.. 
\v_pmp_addr_reg[31][23]  --> LNF.. 
\v_pmp_addr_reg[31][24]  --> LNF.. 
\v_pmp_addr_reg[31][25]  --> LNF.. 
\v_pmp_addr_reg[31][26]  --> LNF.. 
\v_pmp_addr_reg[31][27]  --> LNF.. 
\v_pmp_addr_reg[31][28]  --> LNF.. 
\v_pmp_addr_reg[31][29]  --> LNF.. 
\v_pmp_addr_reg[31][30]  --> LNF.. 
\v_pmp_addr_reg[31][31]  --> LNF.. 
\v_pmp_napot_mask_reg[0][0]  --> LNF.. 
\v_pmp_napot_mask_reg[0][1]  --> LNF.. 
\v_pmp_napot_mask_reg[0][2]  --> LNF.. 
\v_pmp_napot_mask_reg[0][3]  --> LNF.. 
\v_pmp_napot_mask_reg[0][4]  --> LNF.. 
\v_pmp_napot_mask_reg[0][5]  --> LNF.. 
\v_pmp_napot_mask_reg[0][6]  --> LNF.. 
\v_pmp_napot_mask_reg[0][7]  --> LNF.. 
\v_pmp_napot_mask_reg[0][8]  --> LNF.. 
\v_pmp_napot_mask_reg[0][9]  --> LNF.. 
\v_pmp_napot_mask_reg[0][10]  --> LNF.. 
\v_pmp_napot_mask_reg[0][11]  --> LNF.. 
\v_pmp_napot_mask_reg[0][12]  --> LNF.. 
\v_pmp_napot_mask_reg[0][13]  --> LNF.. 
\v_pmp_napot_mask_reg[0][14]  --> LNF.. 
\v_pmp_napot_mask_reg[0][15]  --> LNF.. 
\v_pmp_napot_mask_reg[0][16]  --> LNF.. 
\v_pmp_napot_mask_reg[0][17]  --> LNF.. 
\v_pmp_napot_mask_reg[0][18]  --> LNF.. 
\v_pmp_napot_mask_reg[0][19]  --> LNF.. 
\v_pmp_napot_mask_reg[0][20]  --> LNF.. 
\v_pmp_napot_mask_reg[0][21]  --> LNF.. 
\v_pmp_napot_mask_reg[0][22]  --> LNF.. 
\v_pmp_napot_mask_reg[0][23]  --> LNF.. 
\v_pmp_napot_mask_reg[0][24]  --> LNF.. 
\v_pmp_napot_mask_reg[0][25]  --> LNF.. 
\v_pmp_napot_mask_reg[0][26]  --> LNF.. 
\v_pmp_napot_mask_reg[0][27]  --> LNF.. 
\v_pmp_napot_mask_reg[0][28]  --> LNF.. 
\v_pmp_napot_mask_reg[0][29]  --> LNF.. 
\v_pmp_napot_mask_reg[0][30]  --> LNF.. 
\v_pmp_napot_mask_reg[0][31]  --> LNF.. 
\v_pmp_napot_mask_reg[1][0]  --> LNF.. 
\v_pmp_napot_mask_reg[1][1]  --> LNF.. 
\v_pmp_napot_mask_reg[1][2]  --> LNF.. 
\v_pmp_napot_mask_reg[1][3]  --> LNF.. 
\v_pmp_napot_mask_reg[1][4]  --> LNF.. 
\v_pmp_napot_mask_reg[1][5]  --> LNF.. 
\v_pmp_napot_mask_reg[1][6]  --> LNF.. 
\v_pmp_napot_mask_reg[1][7]  --> LNF.. 
\v_pmp_napot_mask_reg[1][8]  --> LNF.. 
\v_pmp_napot_mask_reg[1][9]  --> LNF.. 
\v_pmp_napot_mask_reg[1][10]  --> LNF.. 
\v_pmp_napot_mask_reg[1][11]  --> LNF.. 
\v_pmp_napot_mask_reg[1][12]  --> LNF.. 
\v_pmp_napot_mask_reg[1][13]  --> LNF.. 
\v_pmp_napot_mask_reg[1][14]  --> LNF.. 
\v_pmp_napot_mask_reg[1][15]  --> LNF.. 
\v_pmp_napot_mask_reg[1][16]  --> LNF.. 
\v_pmp_napot_mask_reg[1][17]  --> LNF.. 
\v_pmp_napot_mask_reg[1][18]  --> LNF.. 
\v_pmp_napot_mask_reg[1][19]  --> LNF.. 
\v_pmp_napot_mask_reg[1][20]  --> LNF.. 
\v_pmp_napot_mask_reg[1][21]  --> LNF.. 
\v_pmp_napot_mask_reg[1][22]  --> LNF.. 
\v_pmp_napot_mask_reg[1][23]  --> LNF.. 
\v_pmp_napot_mask_reg[1][24]  --> LNF.. 
\v_pmp_napot_mask_reg[1][25]  --> LNF.. 
\v_pmp_napot_mask_reg[1][26]  --> LNF.. 
\v_pmp_napot_mask_reg[1][27]  --> LNF.. 
\v_pmp_napot_mask_reg[1][28]  --> LNF.. 
\v_pmp_napot_mask_reg[1][29]  --> LNF.. 
\v_pmp_napot_mask_reg[1][30]  --> LNF.. 
\v_pmp_napot_mask_reg[1][31]  --> LNF.. 
\v_pmp_napot_mask_reg[2][0]  --> LNF.. 
\v_pmp_napot_mask_reg[2][1]  --> LNF.. 
\v_pmp_napot_mask_reg[2][2]  --> LNF.. 
\v_pmp_napot_mask_reg[2][3]  --> LNF.. 
\v_pmp_napot_mask_reg[2][4]  --> LNF.. 
\v_pmp_napot_mask_reg[2][5]  --> LNF.. 
\v_pmp_napot_mask_reg[2][6]  --> LNF.. 
\v_pmp_napot_mask_reg[2][7]  --> LNF.. 
\v_pmp_napot_mask_reg[2][8]  --> LNF.. 
\v_pmp_napot_mask_reg[2][9]  --> LNF.. 
\v_pmp_napot_mask_reg[2][10]  --> LNF.. 
\v_pmp_napot_mask_reg[2][11]  --> LNF.. 
\v_pmp_napot_mask_reg[2][12]  --> LNF.. 
\v_pmp_napot_mask_reg[2][13]  --> LNF.. 
\v_pmp_napot_mask_reg[2][14]  --> LNF.. 
\v_pmp_napot_mask_reg[2][15]  --> LNF.. 
\v_pmp_napot_mask_reg[2][16]  --> LNF.. 
\v_pmp_napot_mask_reg[2][17]  --> LNF.. 
\v_pmp_napot_mask_reg[2][18]  --> LNF.. 
\v_pmp_napot_mask_reg[2][19]  --> LNF.. 
\v_pmp_napot_mask_reg[2][20]  --> LNF.. 
\v_pmp_napot_mask_reg[2][21]  --> LNF.. 
\v_pmp_napot_mask_reg[2][22]  --> LNF.. 
\v_pmp_napot_mask_reg[2][23]  --> LNF.. 
\v_pmp_napot_mask_reg[2][24]  --> LNF.. 
\v_pmp_napot_mask_reg[2][25]  --> LNF.. 
\v_pmp_napot_mask_reg[2][26]  --> LNF.. 
\v_pmp_napot_mask_reg[2][27]  --> LNF.. 
\v_pmp_napot_mask_reg[2][28]  --> LNF.. 
\v_pmp_napot_mask_reg[2][29]  --> LNF.. 
\v_pmp_napot_mask_reg[2][30]  --> LNF.. 
\v_pmp_napot_mask_reg[2][31]  --> LNF.. 
\v_pmp_napot_mask_reg[3][0]  --> LNF.. 
\v_pmp_napot_mask_reg[3][1]  --> LNF.. 
\v_pmp_napot_mask_reg[3][2]  --> LNF.. 
\v_pmp_napot_mask_reg[3][3]  --> LNF.. 
\v_pmp_napot_mask_reg[3][4]  --> LNF.. 
\v_pmp_napot_mask_reg[3][5]  --> LNF.. 
\v_pmp_napot_mask_reg[3][6]  --> LNF.. 
\v_pmp_napot_mask_reg[3][7]  --> LNF.. 
\v_pmp_napot_mask_reg[3][8]  --> LNF.. 
\v_pmp_napot_mask_reg[3][9]  --> LNF.. 
\v_pmp_napot_mask_reg[3][10]  --> LNF.. 
\v_pmp_napot_mask_reg[3][11]  --> LNF.. 
\v_pmp_napot_mask_reg[3][12]  --> LNF.. 
\v_pmp_napot_mask_reg[3][13]  --> LNF.. 
\v_pmp_napot_mask_reg[3][14]  --> LNF.. 
\v_pmp_napot_mask_reg[3][15]  --> LNF.. 
\v_pmp_napot_mask_reg[3][16]  --> LNF.. 
\v_pmp_napot_mask_reg[3][17]  --> LNF.. 
\v_pmp_napot_mask_reg[3][18]  --> LNF.. 
\v_pmp_napot_mask_reg[3][19]  --> LNF.. 
\v_pmp_napot_mask_reg[3][20]  --> LNF.. 
\v_pmp_napot_mask_reg[3][21]  --> LNF.. 
\v_pmp_napot_mask_reg[3][22]  --> LNF.. 
\v_pmp_napot_mask_reg[3][23]  --> LNF.. 
\v_pmp_napot_mask_reg[3][24]  --> LNF.. 
\v_pmp_napot_mask_reg[3][25]  --> LNF.. 
\v_pmp_napot_mask_reg[3][26]  --> LNF.. 
\v_pmp_napot_mask_reg[3][27]  --> LNF.. 
\v_pmp_napot_mask_reg[3][28]  --> LNF.. 
\v_pmp_napot_mask_reg[3][29]  --> LNF.. 
\v_pmp_napot_mask_reg[3][30]  --> LNF.. 
\v_pmp_napot_mask_reg[3][31]  --> LNF.. 
\v_pmp_napot_mask_reg[4][0]  --> LNF.. 
\v_pmp_napot_mask_reg[4][1]  --> LNF.. 
\v_pmp_napot_mask_reg[4][2]  --> LNF.. 
\v_pmp_napot_mask_reg[4][3]  --> LNF.. 
\v_pmp_napot_mask_reg[4][4]  --> LNF.. 
\v_pmp_napot_mask_reg[4][5]  --> LNF.. 
\v_pmp_napot_mask_reg[4][6]  --> LNF.. 
\v_pmp_napot_mask_reg[4][7]  --> LNF.. 
\v_pmp_napot_mask_reg[4][8]  --> LNF.. 
\v_pmp_napot_mask_reg[4][9]  --> LNF.. 
\v_pmp_napot_mask_reg[4][10]  --> LNF.. 
\v_pmp_napot_mask_reg[4][11]  --> LNF.. 
\v_pmp_napot_mask_reg[4][12]  --> LNF.. 
\v_pmp_napot_mask_reg[4][13]  --> LNF.. 
\v_pmp_napot_mask_reg[4][14]  --> LNF.. 
\v_pmp_napot_mask_reg[4][15]  --> LNF.. 
\v_pmp_napot_mask_reg[4][16]  --> LNF.. 
\v_pmp_napot_mask_reg[4][17]  --> LNF.. 
\v_pmp_napot_mask_reg[4][18]  --> LNF.. 
\v_pmp_napot_mask_reg[4][19]  --> LNF.. 
\v_pmp_napot_mask_reg[4][20]  --> LNF.. 
\v_pmp_napot_mask_reg[4][21]  --> LNF.. 
\v_pmp_napot_mask_reg[4][22]  --> LNF.. 
\v_pmp_napot_mask_reg[4][23]  --> LNF.. 
\v_pmp_napot_mask_reg[4][24]  --> LNF.. 
\v_pmp_napot_mask_reg[4][25]  --> LNF.. 
\v_pmp_napot_mask_reg[4][26]  --> LNF.. 
\v_pmp_napot_mask_reg[4][27]  --> LNF.. 
\v_pmp_napot_mask_reg[4][28]  --> LNF.. 
\v_pmp_napot_mask_reg[4][29]  --> LNF.. 
\v_pmp_napot_mask_reg[4][30]  --> LNF.. 
\v_pmp_napot_mask_reg[4][31]  --> LNF.. 
\v_pmp_napot_mask_reg[5][0]  --> LNF.. 
\v_pmp_napot_mask_reg[5][1]  --> LNF.. 
\v_pmp_napot_mask_reg[5][2]  --> LNF.. 
\v_pmp_napot_mask_reg[5][3]  --> LNF.. 
\v_pmp_napot_mask_reg[5][4]  --> LNF.. 
\v_pmp_napot_mask_reg[5][5]  --> LNF.. 
\v_pmp_napot_mask_reg[5][6]  --> LNF.. 
\v_pmp_napot_mask_reg[5][7]  --> LNF.. 
\v_pmp_napot_mask_reg[5][8]  --> LNF.. 
\v_pmp_napot_mask_reg[5][9]  --> LNF.. 
\v_pmp_napot_mask_reg[5][10]  --> LNF.. 
\v_pmp_napot_mask_reg[5][11]  --> LNF.. 
\v_pmp_napot_mask_reg[5][12]  --> LNF.. 
\v_pmp_napot_mask_reg[5][13]  --> LNF.. 
\v_pmp_napot_mask_reg[5][14]  --> LNF.. 
\v_pmp_napot_mask_reg[5][15]  --> LNF.. 
\v_pmp_napot_mask_reg[5][16]  --> LNF.. 
\v_pmp_napot_mask_reg[5][17]  --> LNF.. 
\v_pmp_napot_mask_reg[5][18]  --> LNF.. 
\v_pmp_napot_mask_reg[5][19]  --> LNF.. 
\v_pmp_napot_mask_reg[5][20]  --> LNF.. 
\v_pmp_napot_mask_reg[5][21]  --> LNF.. 
\v_pmp_napot_mask_reg[5][22]  --> LNF.. 
\v_pmp_napot_mask_reg[5][23]  --> LNF.. 
\v_pmp_napot_mask_reg[5][24]  --> LNF.. 
\v_pmp_napot_mask_reg[5][25]  --> LNF.. 
\v_pmp_napot_mask_reg[5][26]  --> LNF.. 
\v_pmp_napot_mask_reg[5][27]  --> LNF.. 
\v_pmp_napot_mask_reg[5][28]  --> LNF.. 
\v_pmp_napot_mask_reg[5][29]  --> LNF.. 
\v_pmp_napot_mask_reg[5][30]  --> LNF.. 
\v_pmp_napot_mask_reg[5][31]  --> LNF.. 
\v_pmp_napot_mask_reg[6][0]  --> LNF.. 
\v_pmp_napot_mask_reg[6][1]  --> LNF.. 
\v_pmp_napot_mask_reg[6][2]  --> LNF.. 
\v_pmp_napot_mask_reg[6][3]  --> LNF.. 
\v_pmp_napot_mask_reg[6][4]  --> LNF.. 
\v_pmp_napot_mask_reg[6][5]  --> LNF.. 
\v_pmp_napot_mask_reg[6][6]  --> LNF.. 
\v_pmp_napot_mask_reg[6][7]  --> LNF.. 
\v_pmp_napot_mask_reg[6][8]  --> LNF.. 
\v_pmp_napot_mask_reg[6][9]  --> LNF.. 
\v_pmp_napot_mask_reg[6][10]  --> LNF.. 
\v_pmp_napot_mask_reg[6][11]  --> LNF.. 
\v_pmp_napot_mask_reg[6][12]  --> LNF.. 
\v_pmp_napot_mask_reg[6][13]  --> LNF.. 
\v_pmp_napot_mask_reg[6][14]  --> LNF.. 
\v_pmp_napot_mask_reg[6][15]  --> LNF.. 
\v_pmp_napot_mask_reg[6][16]  --> LNF.. 
\v_pmp_napot_mask_reg[6][17]  --> LNF.. 
\v_pmp_napot_mask_reg[6][18]  --> LNF.. 
\v_pmp_napot_mask_reg[6][19]  --> LNF.. 
\v_pmp_napot_mask_reg[6][20]  --> LNF.. 
\v_pmp_napot_mask_reg[6][21]  --> LNF.. 
\v_pmp_napot_mask_reg[6][22]  --> LNF.. 
\v_pmp_napot_mask_reg[6][23]  --> LNF.. 
\v_pmp_napot_mask_reg[6][24]  --> LNF.. 
\v_pmp_napot_mask_reg[6][25]  --> LNF.. 
\v_pmp_napot_mask_reg[6][26]  --> LNF.. 
\v_pmp_napot_mask_reg[6][27]  --> LNF.. 
\v_pmp_napot_mask_reg[6][28]  --> LNF.. 
\v_pmp_napot_mask_reg[6][29]  --> LNF.. 
\v_pmp_napot_mask_reg[6][30]  --> LNF.. 
\v_pmp_napot_mask_reg[6][31]  --> LNF.. 
\v_pmp_napot_mask_reg[7][0]  --> LNF.. 
\v_pmp_napot_mask_reg[7][1]  --> LNF.. 
\v_pmp_napot_mask_reg[7][2]  --> LNF.. 
\v_pmp_napot_mask_reg[7][3]  --> LNF.. 
\v_pmp_napot_mask_reg[7][4]  --> LNF.. 
\v_pmp_napot_mask_reg[7][5]  --> LNF.. 
\v_pmp_napot_mask_reg[7][6]  --> LNF.. 
\v_pmp_napot_mask_reg[7][7]  --> LNF.. 
\v_pmp_napot_mask_reg[7][8]  --> LNF.. 
\v_pmp_napot_mask_reg[7][9]  --> LNF.. 
\v_pmp_napot_mask_reg[7][10]  --> LNF.. 
\v_pmp_napot_mask_reg[7][11]  --> LNF.. 
\v_pmp_napot_mask_reg[7][12]  --> LNF.. 
\v_pmp_napot_mask_reg[7][13]  --> LNF.. 
\v_pmp_napot_mask_reg[7][14]  --> LNF.. 
\v_pmp_napot_mask_reg[7][15]  --> LNF.. 
\v_pmp_napot_mask_reg[7][16]  --> LNF.. 
\v_pmp_napot_mask_reg[7][17]  --> LNF.. 
\v_pmp_napot_mask_reg[7][18]  --> LNF.. 
\v_pmp_napot_mask_reg[7][19]  --> LNF.. 
\v_pmp_napot_mask_reg[7][20]  --> LNF.. 
\v_pmp_napot_mask_reg[7][21]  --> LNF.. 
\v_pmp_napot_mask_reg[7][22]  --> LNF.. 
\v_pmp_napot_mask_reg[7][23]  --> LNF.. 
\v_pmp_napot_mask_reg[7][24]  --> LNF.. 
\v_pmp_napot_mask_reg[7][25]  --> LNF.. 
\v_pmp_napot_mask_reg[7][26]  --> LNF.. 
\v_pmp_napot_mask_reg[7][27]  --> LNF.. 
\v_pmp_napot_mask_reg[7][28]  --> LNF.. 
\v_pmp_napot_mask_reg[7][29]  --> LNF.. 
\v_pmp_napot_mask_reg[7][30]  --> LNF.. 
\v_pmp_napot_mask_reg[7][31]  --> LNF.. 
\v_pmp_napot_mask_reg[8][0]  --> LNF.. 
\v_pmp_napot_mask_reg[8][1]  --> LNF.. 
\v_pmp_napot_mask_reg[8][2]  --> LNF.. 
\v_pmp_napot_mask_reg[8][3]  --> LNF.. 
\v_pmp_napot_mask_reg[8][4]  --> LNF.. 
\v_pmp_napot_mask_reg[8][5]  --> LNF.. 
\v_pmp_napot_mask_reg[8][6]  --> LNF.. 
\v_pmp_napot_mask_reg[8][7]  --> LNF.. 
\v_pmp_napot_mask_reg[8][8]  --> LNF.. 
\v_pmp_napot_mask_reg[8][9]  --> LNF.. 
\v_pmp_napot_mask_reg[8][10]  --> LNF.. 
\v_pmp_napot_mask_reg[8][11]  --> LNF.. 
\v_pmp_napot_mask_reg[8][12]  --> LNF.. 
\v_pmp_napot_mask_reg[8][13]  --> LNF.. 
\v_pmp_napot_mask_reg[8][14]  --> LNF.. 
\v_pmp_napot_mask_reg[8][15]  --> LNF.. 
\v_pmp_napot_mask_reg[8][16]  --> LNF.. 
\v_pmp_napot_mask_reg[8][17]  --> LNF.. 
\v_pmp_napot_mask_reg[8][18]  --> LNF.. 
\v_pmp_napot_mask_reg[8][19]  --> LNF.. 
\v_pmp_napot_mask_reg[8][20]  --> LNF.. 
\v_pmp_napot_mask_reg[8][21]  --> LNF.. 
\v_pmp_napot_mask_reg[8][22]  --> LNF.. 
\v_pmp_napot_mask_reg[8][23]  --> LNF.. 
\v_pmp_napot_mask_reg[8][24]  --> LNF.. 
\v_pmp_napot_mask_reg[8][25]  --> LNF.. 
\v_pmp_napot_mask_reg[8][26]  --> LNF.. 
\v_pmp_napot_mask_reg[8][27]  --> LNF.. 
\v_pmp_napot_mask_reg[8][28]  --> LNF.. 
\v_pmp_napot_mask_reg[8][29]  --> LNF.. 
\v_pmp_napot_mask_reg[8][30]  --> LNF.. 
\v_pmp_napot_mask_reg[8][31]  --> LNF.. 
\v_pmp_napot_mask_reg[9][0]  --> LNF.. 
\v_pmp_napot_mask_reg[9][1]  --> LNF.. 
\v_pmp_napot_mask_reg[9][2]  --> LNF.. 
\v_pmp_napot_mask_reg[9][3]  --> LNF.. 
\v_pmp_napot_mask_reg[9][4]  --> LNF.. 
\v_pmp_napot_mask_reg[9][5]  --> LNF.. 
\v_pmp_napot_mask_reg[9][6]  --> LNF.. 
\v_pmp_napot_mask_reg[9][7]  --> LNF.. 
\v_pmp_napot_mask_reg[9][8]  --> LNF.. 
\v_pmp_napot_mask_reg[9][9]  --> LNF.. 
\v_pmp_napot_mask_reg[9][10]  --> LNF.. 
\v_pmp_napot_mask_reg[9][11]  --> LNF.. 
\v_pmp_napot_mask_reg[9][12]  --> LNF.. 
\v_pmp_napot_mask_reg[9][13]  --> LNF.. 
\v_pmp_napot_mask_reg[9][14]  --> LNF.. 
\v_pmp_napot_mask_reg[9][15]  --> LNF.. 
\v_pmp_napot_mask_reg[9][16]  --> LNF.. 
\v_pmp_napot_mask_reg[9][17]  --> LNF.. 
\v_pmp_napot_mask_reg[9][18]  --> LNF.. 
\v_pmp_napot_mask_reg[9][19]  --> LNF.. 
\v_pmp_napot_mask_reg[9][20]  --> LNF.. 
\v_pmp_napot_mask_reg[9][21]  --> LNF.. 
\v_pmp_napot_mask_reg[9][22]  --> LNF.. 
\v_pmp_napot_mask_reg[9][23]  --> LNF.. 
\v_pmp_napot_mask_reg[9][24]  --> LNF.. 
\v_pmp_napot_mask_reg[9][25]  --> LNF.. 
\v_pmp_napot_mask_reg[9][26]  --> LNF.. 
\v_pmp_napot_mask_reg[9][27]  --> LNF.. 
\v_pmp_napot_mask_reg[9][28]  --> LNF.. 
\v_pmp_napot_mask_reg[9][29]  --> LNF.. 
\v_pmp_napot_mask_reg[9][30]  --> LNF.. 
\v_pmp_napot_mask_reg[9][31]  --> LNF.. 
\v_pmp_napot_mask_reg[10][0]  --> LNF.. 
\v_pmp_napot_mask_reg[10][1]  --> LNF.. 
\v_pmp_napot_mask_reg[10][2]  --> LNF.. 
\v_pmp_napot_mask_reg[10][3]  --> LNF.. 
\v_pmp_napot_mask_reg[10][4]  --> LNF.. 
\v_pmp_napot_mask_reg[10][5]  --> LNF.. 
\v_pmp_napot_mask_reg[10][6]  --> LNF.. 
\v_pmp_napot_mask_reg[10][7]  --> LNF.. 
\v_pmp_napot_mask_reg[10][8]  --> LNF.. 
\v_pmp_napot_mask_reg[10][9]  --> LNF.. 
\v_pmp_napot_mask_reg[10][10]  --> LNF.. 
\v_pmp_napot_mask_reg[10][11]  --> LNF.. 
\v_pmp_napot_mask_reg[10][12]  --> LNF.. 
\v_pmp_napot_mask_reg[10][13]  --> LNF.. 
\v_pmp_napot_mask_reg[10][14]  --> LNF.. 
\v_pmp_napot_mask_reg[10][15]  --> LNF.. 
\v_pmp_napot_mask_reg[10][16]  --> LNF.. 
\v_pmp_napot_mask_reg[10][17]  --> LNF.. 
\v_pmp_napot_mask_reg[10][18]  --> LNF.. 
\v_pmp_napot_mask_reg[10][19]  --> LNF.. 
\v_pmp_napot_mask_reg[10][20]  --> LNF.. 
\v_pmp_napot_mask_reg[10][21]  --> LNF.. 
\v_pmp_napot_mask_reg[10][22]  --> LNF.. 
\v_pmp_napot_mask_reg[10][23]  --> LNF.. 
\v_pmp_napot_mask_reg[10][24]  --> LNF.. 
\v_pmp_napot_mask_reg[10][25]  --> LNF.. 
\v_pmp_napot_mask_reg[10][26]  --> LNF.. 
\v_pmp_napot_mask_reg[10][27]  --> LNF.. 
\v_pmp_napot_mask_reg[10][28]  --> LNF.. 
\v_pmp_napot_mask_reg[10][29]  --> LNF.. 
\v_pmp_napot_mask_reg[10][30]  --> LNF.. 
\v_pmp_napot_mask_reg[10][31]  --> LNF.. 
\v_pmp_napot_mask_reg[11][0]  --> LNF.. 
\v_pmp_napot_mask_reg[11][1]  --> LNF.. 
\v_pmp_napot_mask_reg[11][2]  --> LNF.. 
\v_pmp_napot_mask_reg[11][3]  --> LNF.. 
\v_pmp_napot_mask_reg[11][4]  --> LNF.. 
\v_pmp_napot_mask_reg[11][5]  --> LNF.. 
\v_pmp_napot_mask_reg[11][6]  --> LNF.. 
\v_pmp_napot_mask_reg[11][7]  --> LNF.. 
\v_pmp_napot_mask_reg[11][8]  --> LNF.. 
\v_pmp_napot_mask_reg[11][9]  --> LNF.. 
\v_pmp_napot_mask_reg[11][10]  --> LNF.. 
\v_pmp_napot_mask_reg[11][11]  --> LNF.. 
\v_pmp_napot_mask_reg[11][12]  --> LNF.. 
\v_pmp_napot_mask_reg[11][13]  --> LNF.. 
\v_pmp_napot_mask_reg[11][14]  --> LNF.. 
\v_pmp_napot_mask_reg[11][15]  --> LNF.. 
\v_pmp_napot_mask_reg[11][16]  --> LNF.. 
\v_pmp_napot_mask_reg[11][17]  --> LNF.. 
\v_pmp_napot_mask_reg[11][18]  --> LNF.. 
\v_pmp_napot_mask_reg[11][19]  --> LNF.. 
\v_pmp_napot_mask_reg[11][20]  --> LNF.. 
\v_pmp_napot_mask_reg[11][21]  --> LNF.. 
\v_pmp_napot_mask_reg[11][22]  --> LNF.. 
\v_pmp_napot_mask_reg[11][23]  --> LNF.. 
\v_pmp_napot_mask_reg[11][24]  --> LNF.. 
\v_pmp_napot_mask_reg[11][25]  --> LNF.. 
\v_pmp_napot_mask_reg[11][26]  --> LNF.. 
\v_pmp_napot_mask_reg[11][27]  --> LNF.. 
\v_pmp_napot_mask_reg[11][28]  --> LNF.. 
\v_pmp_napot_mask_reg[11][29]  --> LNF.. 
\v_pmp_napot_mask_reg[11][30]  --> LNF.. 
\v_pmp_napot_mask_reg[11][31]  --> LNF.. 
\v_pmp_napot_mask_reg[12][0]  --> LNF.. 
\v_pmp_napot_mask_reg[12][1]  --> LNF.. 
\v_pmp_napot_mask_reg[12][2]  --> LNF.. 
\v_pmp_napot_mask_reg[12][3]  --> LNF.. 
\v_pmp_napot_mask_reg[12][4]  --> LNF.. 
\v_pmp_napot_mask_reg[12][5]  --> LNF.. 
\v_pmp_napot_mask_reg[12][6]  --> LNF.. 
\v_pmp_napot_mask_reg[12][7]  --> LNF.. 
\v_pmp_napot_mask_reg[12][8]  --> LNF.. 
\v_pmp_napot_mask_reg[12][9]  --> LNF.. 
\v_pmp_napot_mask_reg[12][10]  --> LNF.. 
\v_pmp_napot_mask_reg[12][11]  --> LNF.. 
\v_pmp_napot_mask_reg[12][12]  --> LNF.. 
\v_pmp_napot_mask_reg[12][13]  --> LNF.. 
\v_pmp_napot_mask_reg[12][14]  --> LNF.. 
\v_pmp_napot_mask_reg[12][15]  --> LNF.. 
\v_pmp_napot_mask_reg[12][16]  --> LNF.. 
\v_pmp_napot_mask_reg[12][17]  --> LNF.. 
\v_pmp_napot_mask_reg[12][18]  --> LNF.. 
\v_pmp_napot_mask_reg[12][19]  --> LNF.. 
\v_pmp_napot_mask_reg[12][20]  --> LNF.. 
\v_pmp_napot_mask_reg[12][21]  --> LNF.. 
\v_pmp_napot_mask_reg[12][22]  --> LNF.. 
\v_pmp_napot_mask_reg[12][23]  --> LNF.. 
\v_pmp_napot_mask_reg[12][24]  --> LNF.. 
\v_pmp_napot_mask_reg[12][25]  --> LNF.. 
\v_pmp_napot_mask_reg[12][26]  --> LNF.. 
\v_pmp_napot_mask_reg[12][27]  --> LNF.. 
\v_pmp_napot_mask_reg[12][28]  --> LNF.. 
\v_pmp_napot_mask_reg[12][29]  --> LNF.. 
\v_pmp_napot_mask_reg[12][30]  --> LNF.. 
\v_pmp_napot_mask_reg[12][31]  --> LNF.. 
\v_pmp_napot_mask_reg[13][0]  --> LNF.. 
\v_pmp_napot_mask_reg[13][1]  --> LNF.. 
\v_pmp_napot_mask_reg[13][2]  --> LNF.. 
\v_pmp_napot_mask_reg[13][3]  --> LNF.. 
\v_pmp_napot_mask_reg[13][4]  --> LNF.. 
\v_pmp_napot_mask_reg[13][5]  --> LNF.. 
\v_pmp_napot_mask_reg[13][6]  --> LNF.. 
\v_pmp_napot_mask_reg[13][7]  --> LNF.. 
\v_pmp_napot_mask_reg[13][8]  --> LNF.. 
\v_pmp_napot_mask_reg[13][9]  --> LNF.. 
\v_pmp_napot_mask_reg[13][10]  --> LNF.. 
\v_pmp_napot_mask_reg[13][11]  --> LNF.. 
\v_pmp_napot_mask_reg[13][12]  --> LNF.. 
\v_pmp_napot_mask_reg[13][13]  --> LNF.. 
\v_pmp_napot_mask_reg[13][14]  --> LNF.. 
\v_pmp_napot_mask_reg[13][15]  --> LNF.. 
\v_pmp_napot_mask_reg[13][16]  --> LNF.. 
\v_pmp_napot_mask_reg[13][17]  --> LNF.. 
\v_pmp_napot_mask_reg[13][18]  --> LNF.. 
\v_pmp_napot_mask_reg[13][19]  --> LNF.. 
\v_pmp_napot_mask_reg[13][20]  --> LNF.. 
\v_pmp_napot_mask_reg[13][21]  --> LNF.. 
\v_pmp_napot_mask_reg[13][22]  --> LNF.. 
\v_pmp_napot_mask_reg[13][23]  --> LNF.. 
\v_pmp_napot_mask_reg[13][24]  --> LNF.. 
\v_pmp_napot_mask_reg[13][25]  --> LNF.. 
\v_pmp_napot_mask_reg[13][26]  --> LNF.. 
\v_pmp_napot_mask_reg[13][27]  --> LNF.. 
\v_pmp_napot_mask_reg[13][28]  --> LNF.. 
\v_pmp_napot_mask_reg[13][29]  --> LNF.. 
\v_pmp_napot_mask_reg[13][30]  --> LNF.. 
\v_pmp_napot_mask_reg[13][31]  --> LNF.. 
\v_pmp_napot_mask_reg[14][0]  --> LNF.. 
\v_pmp_napot_mask_reg[14][1]  --> LNF.. 
\v_pmp_napot_mask_reg[14][2]  --> LNF.. 
\v_pmp_napot_mask_reg[14][3]  --> LNF.. 
\v_pmp_napot_mask_reg[14][4]  --> LNF.. 
\v_pmp_napot_mask_reg[14][5]  --> LNF.. 
\v_pmp_napot_mask_reg[14][6]  --> LNF.. 
\v_pmp_napot_mask_reg[14][7]  --> LNF.. 
\v_pmp_napot_mask_reg[14][8]  --> LNF.. 
\v_pmp_napot_mask_reg[14][9]  --> LNF.. 
\v_pmp_napot_mask_reg[14][10]  --> LNF.. 
\v_pmp_napot_mask_reg[14][11]  --> LNF.. 
\v_pmp_napot_mask_reg[14][12]  --> LNF.. 
\v_pmp_napot_mask_reg[14][13]  --> LNF.. 
\v_pmp_napot_mask_reg[14][14]  --> LNF.. 
\v_pmp_napot_mask_reg[14][15]  --> LNF.. 
\v_pmp_napot_mask_reg[14][16]  --> LNF.. 
\v_pmp_napot_mask_reg[14][17]  --> LNF.. 
\v_pmp_napot_mask_reg[14][18]  --> LNF.. 
\v_pmp_napot_mask_reg[14][19]  --> LNF.. 
\v_pmp_napot_mask_reg[14][20]  --> LNF.. 
\v_pmp_napot_mask_reg[14][21]  --> LNF.. 
\v_pmp_napot_mask_reg[14][22]  --> LNF.. 
\v_pmp_napot_mask_reg[14][23]  --> LNF.. 
\v_pmp_napot_mask_reg[14][24]  --> LNF.. 
\v_pmp_napot_mask_reg[14][25]  --> LNF.. 
\v_pmp_napot_mask_reg[14][26]  --> LNF.. 
\v_pmp_napot_mask_reg[14][27]  --> LNF.. 
\v_pmp_napot_mask_reg[14][28]  --> LNF.. 
\v_pmp_napot_mask_reg[14][29]  --> LNF.. 
\v_pmp_napot_mask_reg[14][30]  --> LNF.. 
\v_pmp_napot_mask_reg[14][31]  --> LNF.. 
\v_pmp_napot_mask_reg[15][0]  --> LNF.. 
\v_pmp_napot_mask_reg[15][1]  --> LNF.. 
\v_pmp_napot_mask_reg[15][2]  --> LNF.. 
\v_pmp_napot_mask_reg[15][3]  --> LNF.. 
\v_pmp_napot_mask_reg[15][4]  --> LNF.. 
\v_pmp_napot_mask_reg[15][5]  --> LNF.. 
\v_pmp_napot_mask_reg[15][6]  --> LNF.. 
\v_pmp_napot_mask_reg[15][7]  --> LNF.. 
\v_pmp_napot_mask_reg[15][8]  --> LNF.. 
\v_pmp_napot_mask_reg[15][9]  --> LNF.. 
\v_pmp_napot_mask_reg[15][10]  --> LNF.. 
\v_pmp_napot_mask_reg[15][11]  --> LNF.. 
\v_pmp_napot_mask_reg[15][12]  --> LNF.. 
\v_pmp_napot_mask_reg[15][13]  --> LNF.. 
\v_pmp_napot_mask_reg[15][14]  --> LNF.. 
\v_pmp_napot_mask_reg[15][15]  --> LNF.. 
\v_pmp_napot_mask_reg[15][16]  --> LNF.. 
\v_pmp_napot_mask_reg[15][17]  --> LNF.. 
\v_pmp_napot_mask_reg[15][18]  --> LNF.. 
\v_pmp_napot_mask_reg[15][19]  --> LNF.. 
\v_pmp_napot_mask_reg[15][20]  --> LNF.. 
\v_pmp_napot_mask_reg[15][21]  --> LNF.. 
\v_pmp_napot_mask_reg[15][22]  --> LNF.. 
\v_pmp_napot_mask_reg[15][23]  --> LNF.. 
\v_pmp_napot_mask_reg[15][24]  --> LNF.. 
\v_pmp_napot_mask_reg[15][25]  --> LNF.. 
\v_pmp_napot_mask_reg[15][26]  --> LNF.. 
\v_pmp_napot_mask_reg[15][27]  --> LNF.. 
\v_pmp_napot_mask_reg[15][28]  --> LNF.. 
\v_pmp_napot_mask_reg[15][29]  --> LNF.. 
\v_pmp_napot_mask_reg[15][30]  --> LNF.. 
\v_pmp_napot_mask_reg[15][31]  --> LNF.. 
\v_pmp_napot_mask_reg[16][0]  --> LNF.. 
\v_pmp_napot_mask_reg[16][1]  --> LNF.. 
\v_pmp_napot_mask_reg[16][2]  --> LNF.. 
\v_pmp_napot_mask_reg[16][3]  --> LNF.. 
\v_pmp_napot_mask_reg[16][4]  --> LNF.. 
\v_pmp_napot_mask_reg[16][5]  --> LNF.. 
\v_pmp_napot_mask_reg[16][6]  --> LNF.. 
\v_pmp_napot_mask_reg[16][7]  --> LNF.. 
\v_pmp_napot_mask_reg[16][8]  --> LNF.. 
\v_pmp_napot_mask_reg[16][9]  --> LNF.. 
\v_pmp_napot_mask_reg[16][10]  --> LNF.. 
\v_pmp_napot_mask_reg[16][11]  --> LNF.. 
\v_pmp_napot_mask_reg[16][12]  --> LNF.. 
\v_pmp_napot_mask_reg[16][13]  --> LNF.. 
\v_pmp_napot_mask_reg[16][14]  --> LNF.. 
\v_pmp_napot_mask_reg[16][15]  --> LNF.. 
\v_pmp_napot_mask_reg[16][16]  --> LNF.. 
\v_pmp_napot_mask_reg[16][17]  --> LNF.. 
\v_pmp_napot_mask_reg[16][18]  --> LNF.. 
\v_pmp_napot_mask_reg[16][19]  --> LNF.. 
\v_pmp_napot_mask_reg[16][20]  --> LNF.. 
\v_pmp_napot_mask_reg[16][21]  --> LNF.. 
\v_pmp_napot_mask_reg[16][22]  --> LNF.. 
\v_pmp_napot_mask_reg[16][23]  --> LNF.. 
\v_pmp_napot_mask_reg[16][24]  --> LNF.. 
\v_pmp_napot_mask_reg[16][25]  --> LNF.. 
\v_pmp_napot_mask_reg[16][26]  --> LNF.. 
\v_pmp_napot_mask_reg[16][27]  --> LNF.. 
\v_pmp_napot_mask_reg[16][28]  --> LNF.. 
\v_pmp_napot_mask_reg[16][29]  --> LNF.. 
\v_pmp_napot_mask_reg[16][30]  --> LNF.. 
\v_pmp_napot_mask_reg[16][31]  --> LNF.. 
\v_pmp_napot_mask_reg[17][0]  --> LNF.. 
\v_pmp_napot_mask_reg[17][1]  --> LNF.. 
\v_pmp_napot_mask_reg[17][2]  --> LNF.. 
\v_pmp_napot_mask_reg[17][3]  --> LNF.. 
\v_pmp_napot_mask_reg[17][4]  --> LNF.. 
\v_pmp_napot_mask_reg[17][5]  --> LNF.. 
\v_pmp_napot_mask_reg[17][6]  --> LNF.. 
\v_pmp_napot_mask_reg[17][7]  --> LNF.. 
\v_pmp_napot_mask_reg[17][8]  --> LNF.. 
\v_pmp_napot_mask_reg[17][9]  --> LNF.. 
\v_pmp_napot_mask_reg[17][10]  --> LNF.. 
\v_pmp_napot_mask_reg[17][11]  --> LNF.. 
\v_pmp_napot_mask_reg[17][12]  --> LNF.. 
\v_pmp_napot_mask_reg[17][13]  --> LNF.. 
\v_pmp_napot_mask_reg[17][14]  --> LNF.. 
\v_pmp_napot_mask_reg[17][15]  --> LNF.. 
\v_pmp_napot_mask_reg[17][16]  --> LNF.. 
\v_pmp_napot_mask_reg[17][17]  --> LNF.. 
\v_pmp_napot_mask_reg[17][18]  --> LNF.. 
\v_pmp_napot_mask_reg[17][19]  --> LNF.. 
\v_pmp_napot_mask_reg[17][20]  --> LNF.. 
\v_pmp_napot_mask_reg[17][21]  --> LNF.. 
\v_pmp_napot_mask_reg[17][22]  --> LNF.. 
\v_pmp_napot_mask_reg[17][23]  --> LNF.. 
\v_pmp_napot_mask_reg[17][24]  --> LNF.. 
\v_pmp_napot_mask_reg[17][25]  --> LNF.. 
\v_pmp_napot_mask_reg[17][26]  --> LNF.. 
\v_pmp_napot_mask_reg[17][27]  --> LNF.. 
\v_pmp_napot_mask_reg[17][28]  --> LNF.. 
\v_pmp_napot_mask_reg[17][29]  --> LNF.. 
\v_pmp_napot_mask_reg[17][30]  --> LNF.. 
\v_pmp_napot_mask_reg[17][31]  --> LNF.. 
\v_pmp_napot_mask_reg[18][0]  --> LNF.. 
\v_pmp_napot_mask_reg[18][1]  --> LNF.. 
\v_pmp_napot_mask_reg[18][2]  --> LNF.. 
\v_pmp_napot_mask_reg[18][3]  --> LNF.. 
\v_pmp_napot_mask_reg[18][4]  --> LNF.. 
\v_pmp_napot_mask_reg[18][5]  --> LNF.. 
\v_pmp_napot_mask_reg[18][6]  --> LNF.. 
\v_pmp_napot_mask_reg[18][7]  --> LNF.. 
\v_pmp_napot_mask_reg[18][8]  --> LNF.. 
\v_pmp_napot_mask_reg[18][9]  --> LNF.. 
\v_pmp_napot_mask_reg[18][10]  --> LNF.. 
\v_pmp_napot_mask_reg[18][11]  --> LNF.. 
\v_pmp_napot_mask_reg[18][12]  --> LNF.. 
\v_pmp_napot_mask_reg[18][13]  --> LNF.. 
\v_pmp_napot_mask_reg[18][14]  --> LNF.. 
\v_pmp_napot_mask_reg[18][15]  --> LNF.. 
\v_pmp_napot_mask_reg[18][16]  --> LNF.. 
\v_pmp_napot_mask_reg[18][17]  --> LNF.. 
\v_pmp_napot_mask_reg[18][18]  --> LNF.. 
\v_pmp_napot_mask_reg[18][19]  --> LNF.. 
\v_pmp_napot_mask_reg[18][20]  --> LNF.. 
\v_pmp_napot_mask_reg[18][21]  --> LNF.. 
\v_pmp_napot_mask_reg[18][22]  --> LNF.. 
\v_pmp_napot_mask_reg[18][23]  --> LNF.. 
\v_pmp_napot_mask_reg[18][24]  --> LNF.. 
\v_pmp_napot_mask_reg[18][25]  --> LNF.. 
\v_pmp_napot_mask_reg[18][26]  --> LNF.. 
\v_pmp_napot_mask_reg[18][27]  --> LNF.. 
\v_pmp_napot_mask_reg[18][28]  --> LNF.. 
\v_pmp_napot_mask_reg[18][29]  --> LNF.. 
\v_pmp_napot_mask_reg[18][30]  --> LNF.. 
\v_pmp_napot_mask_reg[18][31]  --> LNF.. 
\v_pmp_napot_mask_reg[19][0]  --> LNF.. 
\v_pmp_napot_mask_reg[19][1]  --> LNF.. 
\v_pmp_napot_mask_reg[19][2]  --> LNF.. 
\v_pmp_napot_mask_reg[19][3]  --> LNF.. 
\v_pmp_napot_mask_reg[19][4]  --> LNF.. 
\v_pmp_napot_mask_reg[19][5]  --> LNF.. 
\v_pmp_napot_mask_reg[19][6]  --> LNF.. 
\v_pmp_napot_mask_reg[19][7]  --> LNF.. 
\v_pmp_napot_mask_reg[19][8]  --> LNF.. 
\v_pmp_napot_mask_reg[19][9]  --> LNF.. 
\v_pmp_napot_mask_reg[19][10]  --> LNF.. 
\v_pmp_napot_mask_reg[19][11]  --> LNF.. 
\v_pmp_napot_mask_reg[19][12]  --> LNF.. 
\v_pmp_napot_mask_reg[19][13]  --> LNF.. 
\v_pmp_napot_mask_reg[19][14]  --> LNF.. 
\v_pmp_napot_mask_reg[19][15]  --> LNF.. 
\v_pmp_napot_mask_reg[19][16]  --> LNF.. 
\v_pmp_napot_mask_reg[19][17]  --> LNF.. 
\v_pmp_napot_mask_reg[19][18]  --> LNF.. 
\v_pmp_napot_mask_reg[19][19]  --> LNF.. 
\v_pmp_napot_mask_reg[19][20]  --> LNF.. 
\v_pmp_napot_mask_reg[19][21]  --> LNF.. 
\v_pmp_napot_mask_reg[19][22]  --> LNF.. 
\v_pmp_napot_mask_reg[19][23]  --> LNF.. 
\v_pmp_napot_mask_reg[19][24]  --> LNF.. 
\v_pmp_napot_mask_reg[19][25]  --> LNF.. 
\v_pmp_napot_mask_reg[19][26]  --> LNF.. 
\v_pmp_napot_mask_reg[19][27]  --> LNF.. 
\v_pmp_napot_mask_reg[19][28]  --> LNF.. 
\v_pmp_napot_mask_reg[19][29]  --> LNF.. 
\v_pmp_napot_mask_reg[19][30]  --> LNF.. 
\v_pmp_napot_mask_reg[19][31]  --> LNF.. 
\v_pmp_napot_mask_reg[20][0]  --> LNF.. 
\v_pmp_napot_mask_reg[20][1]  --> LNF.. 
\v_pmp_napot_mask_reg[20][2]  --> LNF.. 
\v_pmp_napot_mask_reg[20][3]  --> LNF.. 
\v_pmp_napot_mask_reg[20][4]  --> LNF.. 
\v_pmp_napot_mask_reg[20][5]  --> LNF.. 
\v_pmp_napot_mask_reg[20][6]  --> LNF.. 
\v_pmp_napot_mask_reg[20][7]  --> LNF.. 
\v_pmp_napot_mask_reg[20][8]  --> LNF.. 
\v_pmp_napot_mask_reg[20][9]  --> LNF.. 
\v_pmp_napot_mask_reg[20][10]  --> LNF.. 
\v_pmp_napot_mask_reg[20][11]  --> LNF.. 
\v_pmp_napot_mask_reg[20][12]  --> LNF.. 
\v_pmp_napot_mask_reg[20][13]  --> LNF.. 
\v_pmp_napot_mask_reg[20][14]  --> LNF.. 
\v_pmp_napot_mask_reg[20][15]  --> LNF.. 
\v_pmp_napot_mask_reg[20][16]  --> LNF.. 
\v_pmp_napot_mask_reg[20][17]  --> LNF.. 
\v_pmp_napot_mask_reg[20][18]  --> LNF.. 
\v_pmp_napot_mask_reg[20][19]  --> LNF.. 
\v_pmp_napot_mask_reg[20][20]  --> LNF.. 
\v_pmp_napot_mask_reg[20][21]  --> LNF.. 
\v_pmp_napot_mask_reg[20][22]  --> LNF.. 
\v_pmp_napot_mask_reg[20][23]  --> LNF.. 
\v_pmp_napot_mask_reg[20][24]  --> LNF.. 
\v_pmp_napot_mask_reg[20][25]  --> LNF.. 
\v_pmp_napot_mask_reg[20][26]  --> LNF.. 
\v_pmp_napot_mask_reg[20][27]  --> LNF.. 
\v_pmp_napot_mask_reg[20][28]  --> LNF.. 
\v_pmp_napot_mask_reg[20][29]  --> LNF.. 
\v_pmp_napot_mask_reg[20][30]  --> LNF.. 
\v_pmp_napot_mask_reg[20][31]  --> LNF.. 
\v_pmp_napot_mask_reg[21][0]  --> LNF.. 
\v_pmp_napot_mask_reg[21][1]  --> LNF.. 
\v_pmp_napot_mask_reg[21][2]  --> LNF.. 
\v_pmp_napot_mask_reg[21][3]  --> LNF.. 
\v_pmp_napot_mask_reg[21][4]  --> LNF.. 
\v_pmp_napot_mask_reg[21][5]  --> LNF.. 
\v_pmp_napot_mask_reg[21][6]  --> LNF.. 
\v_pmp_napot_mask_reg[21][7]  --> LNF.. 
\v_pmp_napot_mask_reg[21][8]  --> LNF.. 
\v_pmp_napot_mask_reg[21][9]  --> LNF.. 
\v_pmp_napot_mask_reg[21][10]  --> LNF.. 
\v_pmp_napot_mask_reg[21][11]  --> LNF.. 
\v_pmp_napot_mask_reg[21][12]  --> LNF.. 
\v_pmp_napot_mask_reg[21][13]  --> LNF.. 
\v_pmp_napot_mask_reg[21][14]  --> LNF.. 
\v_pmp_napot_mask_reg[21][15]  --> LNF.. 
\v_pmp_napot_mask_reg[21][16]  --> LNF.. 
\v_pmp_napot_mask_reg[21][17]  --> LNF.. 
\v_pmp_napot_mask_reg[21][18]  --> LNF.. 
\v_pmp_napot_mask_reg[21][19]  --> LNF.. 
\v_pmp_napot_mask_reg[21][20]  --> LNF.. 
\v_pmp_napot_mask_reg[21][21]  --> LNF.. 
\v_pmp_napot_mask_reg[21][22]  --> LNF.. 
\v_pmp_napot_mask_reg[21][23]  --> LNF.. 
\v_pmp_napot_mask_reg[21][24]  --> LNF.. 
\v_pmp_napot_mask_reg[21][25]  --> LNF.. 
\v_pmp_napot_mask_reg[21][26]  --> LNF.. 
\v_pmp_napot_mask_reg[21][27]  --> LNF.. 
\v_pmp_napot_mask_reg[21][28]  --> LNF.. 
\v_pmp_napot_mask_reg[21][29]  --> LNF.. 
\v_pmp_napot_mask_reg[21][30]  --> LNF.. 
\v_pmp_napot_mask_reg[21][31]  --> LNF.. 
\v_pmp_napot_mask_reg[22][0]  --> LNF.. 
\v_pmp_napot_mask_reg[22][1]  --> LNF.. 
\v_pmp_napot_mask_reg[22][2]  --> LNF.. 
\v_pmp_napot_mask_reg[22][3]  --> LNF.. 
\v_pmp_napot_mask_reg[22][4]  --> LNF.. 
\v_pmp_napot_mask_reg[22][5]  --> LNF.. 
\v_pmp_napot_mask_reg[22][6]  --> LNF.. 
\v_pmp_napot_mask_reg[22][7]  --> LNF.. 
\v_pmp_napot_mask_reg[22][8]  --> LNF.. 
\v_pmp_napot_mask_reg[22][9]  --> LNF.. 
\v_pmp_napot_mask_reg[22][10]  --> LNF.. 
\v_pmp_napot_mask_reg[22][11]  --> LNF.. 
\v_pmp_napot_mask_reg[22][12]  --> LNF.. 
\v_pmp_napot_mask_reg[22][13]  --> LNF.. 
\v_pmp_napot_mask_reg[22][14]  --> LNF.. 
\v_pmp_napot_mask_reg[22][15]  --> LNF.. 
\v_pmp_napot_mask_reg[22][16]  --> LNF.. 
\v_pmp_napot_mask_reg[22][17]  --> LNF.. 
\v_pmp_napot_mask_reg[22][18]  --> LNF.. 
\v_pmp_napot_mask_reg[22][19]  --> LNF.. 
\v_pmp_napot_mask_reg[22][20]  --> LNF.. 
\v_pmp_napot_mask_reg[22][21]  --> LNF.. 
\v_pmp_napot_mask_reg[22][22]  --> LNF.. 
\v_pmp_napot_mask_reg[22][23]  --> LNF.. 
\v_pmp_napot_mask_reg[22][24]  --> LNF.. 
\v_pmp_napot_mask_reg[22][25]  --> LNF.. 
\v_pmp_napot_mask_reg[22][26]  --> LNF.. 
\v_pmp_napot_mask_reg[22][27]  --> LNF.. 
\v_pmp_napot_mask_reg[22][28]  --> LNF.. 
\v_pmp_napot_mask_reg[22][29]  --> LNF.. 
\v_pmp_napot_mask_reg[22][30]  --> LNF.. 
\v_pmp_napot_mask_reg[22][31]  --> LNF.. 
\v_pmp_napot_mask_reg[23][0]  --> LNF.. 
\v_pmp_napot_mask_reg[23][1]  --> LNF.. 
\v_pmp_napot_mask_reg[23][2]  --> LNF.. 
\v_pmp_napot_mask_reg[23][3]  --> LNF.. 
\v_pmp_napot_mask_reg[23][4]  --> LNF.. 
\v_pmp_napot_mask_reg[23][5]  --> LNF.. 
\v_pmp_napot_mask_reg[23][6]  --> LNF.. 
\v_pmp_napot_mask_reg[23][7]  --> LNF.. 
\v_pmp_napot_mask_reg[23][8]  --> LNF.. 
\v_pmp_napot_mask_reg[23][9]  --> LNF.. 
\v_pmp_napot_mask_reg[23][10]  --> LNF.. 
\v_pmp_napot_mask_reg[23][11]  --> LNF.. 
\v_pmp_napot_mask_reg[23][12]  --> LNF.. 
\v_pmp_napot_mask_reg[23][13]  --> LNF.. 
\v_pmp_napot_mask_reg[23][14]  --> LNF.. 
\v_pmp_napot_mask_reg[23][15]  --> LNF.. 
\v_pmp_napot_mask_reg[23][16]  --> LNF.. 
\v_pmp_napot_mask_reg[23][17]  --> LNF.. 
\v_pmp_napot_mask_reg[23][18]  --> LNF.. 
\v_pmp_napot_mask_reg[23][19]  --> LNF.. 
\v_pmp_napot_mask_reg[23][20]  --> LNF.. 
\v_pmp_napot_mask_reg[23][21]  --> LNF.. 
\v_pmp_napot_mask_reg[23][22]  --> LNF.. 
\v_pmp_napot_mask_reg[23][23]  --> LNF.. 
\v_pmp_napot_mask_reg[23][24]  --> LNF.. 
\v_pmp_napot_mask_reg[23][25]  --> LNF.. 
\v_pmp_napot_mask_reg[23][26]  --> LNF.. 
\v_pmp_napot_mask_reg[23][27]  --> LNF.. 
\v_pmp_napot_mask_reg[23][28]  --> LNF.. 
\v_pmp_napot_mask_reg[23][29]  --> LNF.. 
\v_pmp_napot_mask_reg[23][30]  --> LNF.. 
\v_pmp_napot_mask_reg[23][31]  --> LNF.. 
\v_pmp_napot_mask_reg[24][0]  --> LNF.. 
\v_pmp_napot_mask_reg[24][1]  --> LNF.. 
\v_pmp_napot_mask_reg[24][2]  --> LNF.. 
\v_pmp_napot_mask_reg[24][3]  --> LNF.. 
\v_pmp_napot_mask_reg[24][4]  --> LNF.. 
\v_pmp_napot_mask_reg[24][5]  --> LNF.. 
\v_pmp_napot_mask_reg[24][6]  --> LNF.. 
\v_pmp_napot_mask_reg[24][7]  --> LNF.. 
\v_pmp_napot_mask_reg[24][8]  --> LNF.. 
\v_pmp_napot_mask_reg[24][9]  --> LNF.. 
\v_pmp_napot_mask_reg[24][10]  --> LNF.. 
\v_pmp_napot_mask_reg[24][11]  --> LNF.. 
\v_pmp_napot_mask_reg[24][12]  --> LNF.. 
\v_pmp_napot_mask_reg[24][13]  --> LNF.. 
\v_pmp_napot_mask_reg[24][14]  --> LNF.. 
\v_pmp_napot_mask_reg[24][15]  --> LNF.. 
\v_pmp_napot_mask_reg[24][16]  --> LNF.. 
\v_pmp_napot_mask_reg[24][17]  --> LNF.. 
\v_pmp_napot_mask_reg[24][18]  --> LNF.. 
\v_pmp_napot_mask_reg[24][19]  --> LNF.. 
\v_pmp_napot_mask_reg[24][20]  --> LNF.. 
\v_pmp_napot_mask_reg[24][21]  --> LNF.. 
\v_pmp_napot_mask_reg[24][22]  --> LNF.. 
\v_pmp_napot_mask_reg[24][23]  --> LNF.. 
\v_pmp_napot_mask_reg[24][24]  --> LNF.. 
\v_pmp_napot_mask_reg[24][25]  --> LNF.. 
\v_pmp_napot_mask_reg[24][26]  --> LNF.. 
\v_pmp_napot_mask_reg[24][27]  --> LNF.. 
\v_pmp_napot_mask_reg[24][28]  --> LNF.. 
\v_pmp_napot_mask_reg[24][29]  --> LNF.. 
\v_pmp_napot_mask_reg[24][30]  --> LNF.. 
\v_pmp_napot_mask_reg[24][31]  --> LNF.. 
\v_pmp_napot_mask_reg[25][0]  --> LNF.. 
\v_pmp_napot_mask_reg[25][1]  --> LNF.. 
\v_pmp_napot_mask_reg[25][2]  --> LNF.. 
\v_pmp_napot_mask_reg[25][3]  --> LNF.. 
\v_pmp_napot_mask_reg[25][4]  --> LNF.. 
\v_pmp_napot_mask_reg[25][5]  --> LNF.. 
\v_pmp_napot_mask_reg[25][6]  --> LNF.. 
\v_pmp_napot_mask_reg[25][7]  --> LNF.. 
\v_pmp_napot_mask_reg[25][8]  --> LNF.. 
\v_pmp_napot_mask_reg[25][9]  --> LNF.. 
\v_pmp_napot_mask_reg[25][10]  --> LNF.. 
\v_pmp_napot_mask_reg[25][11]  --> LNF.. 
\v_pmp_napot_mask_reg[25][12]  --> LNF.. 
\v_pmp_napot_mask_reg[25][13]  --> LNF.. 
\v_pmp_napot_mask_reg[25][14]  --> LNF.. 
\v_pmp_napot_mask_reg[25][15]  --> LNF.. 
\v_pmp_napot_mask_reg[25][16]  --> LNF.. 
\v_pmp_napot_mask_reg[25][17]  --> LNF.. 
\v_pmp_napot_mask_reg[25][18]  --> LNF.. 
\v_pmp_napot_mask_reg[25][19]  --> LNF.. 
\v_pmp_napot_mask_reg[25][20]  --> LNF.. 
\v_pmp_napot_mask_reg[25][21]  --> LNF.. 
\v_pmp_napot_mask_reg[25][22]  --> LNF.. 
\v_pmp_napot_mask_reg[25][23]  --> LNF.. 
\v_pmp_napot_mask_reg[25][24]  --> LNF.. 
\v_pmp_napot_mask_reg[25][25]  --> LNF.. 
\v_pmp_napot_mask_reg[25][26]  --> LNF.. 
\v_pmp_napot_mask_reg[25][27]  --> LNF.. 
\v_pmp_napot_mask_reg[25][28]  --> LNF.. 
\v_pmp_napot_mask_reg[25][29]  --> LNF.. 
\v_pmp_napot_mask_reg[25][30]  --> LNF.. 
\v_pmp_napot_mask_reg[25][31]  --> LNF.. 
\v_pmp_napot_mask_reg[26][0]  --> LNF.. 
\v_pmp_napot_mask_reg[26][1]  --> LNF.. 
\v_pmp_napot_mask_reg[26][2]  --> LNF.. 
\v_pmp_napot_mask_reg[26][3]  --> LNF.. 
\v_pmp_napot_mask_reg[26][4]  --> LNF.. 
\v_pmp_napot_mask_reg[26][5]  --> LNF.. 
\v_pmp_napot_mask_reg[26][6]  --> LNF.. 
\v_pmp_napot_mask_reg[26][7]  --> LNF.. 
\v_pmp_napot_mask_reg[26][8]  --> LNF.. 
\v_pmp_napot_mask_reg[26][9]  --> LNF.. 
\v_pmp_napot_mask_reg[26][10]  --> LNF.. 
\v_pmp_napot_mask_reg[26][11]  --> LNF.. 
\v_pmp_napot_mask_reg[26][12]  --> LNF.. 
\v_pmp_napot_mask_reg[26][13]  --> LNF.. 
\v_pmp_napot_mask_reg[26][14]  --> LNF.. 
\v_pmp_napot_mask_reg[26][15]  --> LNF.. 
\v_pmp_napot_mask_reg[26][16]  --> LNF.. 
\v_pmp_napot_mask_reg[26][17]  --> LNF.. 
\v_pmp_napot_mask_reg[26][18]  --> LNF.. 
\v_pmp_napot_mask_reg[26][19]  --> LNF.. 
\v_pmp_napot_mask_reg[26][20]  --> LNF.. 
\v_pmp_napot_mask_reg[26][21]  --> LNF.. 
\v_pmp_napot_mask_reg[26][22]  --> LNF.. 
\v_pmp_napot_mask_reg[26][23]  --> LNF.. 
\v_pmp_napot_mask_reg[26][24]  --> LNF.. 
\v_pmp_napot_mask_reg[26][25]  --> LNF.. 
\v_pmp_napot_mask_reg[26][26]  --> LNF.. 
\v_pmp_napot_mask_reg[26][27]  --> LNF.. 
\v_pmp_napot_mask_reg[26][28]  --> LNF.. 
\v_pmp_napot_mask_reg[26][29]  --> LNF.. 
\v_pmp_napot_mask_reg[26][30]  --> LNF.. 
\v_pmp_napot_mask_reg[26][31]  --> LNF.. 
\v_pmp_napot_mask_reg[27][0]  --> LNF.. 
\v_pmp_napot_mask_reg[27][1]  --> LNF.. 
\v_pmp_napot_mask_reg[27][2]  --> LNF.. 
\v_pmp_napot_mask_reg[27][3]  --> LNF.. 
\v_pmp_napot_mask_reg[27][4]  --> LNF.. 
\v_pmp_napot_mask_reg[27][5]  --> LNF.. 
\v_pmp_napot_mask_reg[27][6]  --> LNF.. 
\v_pmp_napot_mask_reg[27][7]  --> LNF.. 
\v_pmp_napot_mask_reg[27][8]  --> LNF.. 
\v_pmp_napot_mask_reg[27][9]  --> LNF.. 
\v_pmp_napot_mask_reg[27][10]  --> LNF.. 
\v_pmp_napot_mask_reg[27][11]  --> LNF.. 
\v_pmp_napot_mask_reg[27][12]  --> LNF.. 
\v_pmp_napot_mask_reg[27][13]  --> LNF.. 
\v_pmp_napot_mask_reg[27][14]  --> LNF.. 
\v_pmp_napot_mask_reg[27][15]  --> LNF.. 
\v_pmp_napot_mask_reg[27][16]  --> LNF.. 
\v_pmp_napot_mask_reg[27][17]  --> LNF.. 
\v_pmp_napot_mask_reg[27][18]  --> LNF.. 
\v_pmp_napot_mask_reg[27][19]  --> LNF.. 
\v_pmp_napot_mask_reg[27][20]  --> LNF.. 
\v_pmp_napot_mask_reg[27][21]  --> LNF.. 
\v_pmp_napot_mask_reg[27][22]  --> LNF.. 
\v_pmp_napot_mask_reg[27][23]  --> LNF.. 
\v_pmp_napot_mask_reg[27][24]  --> LNF.. 
\v_pmp_napot_mask_reg[27][25]  --> LNF.. 
\v_pmp_napot_mask_reg[27][26]  --> LNF.. 
\v_pmp_napot_mask_reg[27][27]  --> LNF.. 
\v_pmp_napot_mask_reg[27][28]  --> LNF.. 
\v_pmp_napot_mask_reg[27][29]  --> LNF.. 
\v_pmp_napot_mask_reg[27][30]  --> LNF.. 
\v_pmp_napot_mask_reg[27][31]  --> LNF.. 
\v_pmp_napot_mask_reg[28][0]  --> LNF.. 
\v_pmp_napot_mask_reg[28][1]  --> LNF.. 
\v_pmp_napot_mask_reg[28][2]  --> LNF.. 
\v_pmp_napot_mask_reg[28][3]  --> LNF.. 
\v_pmp_napot_mask_reg[28][4]  --> LNF.. 
\v_pmp_napot_mask_reg[28][5]  --> LNF.. 
\v_pmp_napot_mask_reg[28][6]  --> LNF.. 
\v_pmp_napot_mask_reg[28][7]  --> LNF.. 
\v_pmp_napot_mask_reg[28][8]  --> LNF.. 
\v_pmp_napot_mask_reg[28][9]  --> LNF.. 
\v_pmp_napot_mask_reg[28][10]  --> LNF.. 
\v_pmp_napot_mask_reg[28][11]  --> LNF.. 
\v_pmp_napot_mask_reg[28][12]  --> LNF.. 
\v_pmp_napot_mask_reg[28][13]  --> LNF.. 
\v_pmp_napot_mask_reg[28][14]  --> LNF.. 
\v_pmp_napot_mask_reg[28][15]  --> LNF.. 
\v_pmp_napot_mask_reg[28][16]  --> LNF.. 
\v_pmp_napot_mask_reg[28][17]  --> LNF.. 
\v_pmp_napot_mask_reg[28][18]  --> LNF.. 
\v_pmp_napot_mask_reg[28][19]  --> LNF.. 
\v_pmp_napot_mask_reg[28][20]  --> LNF.. 
\v_pmp_napot_mask_reg[28][21]  --> LNF.. 
\v_pmp_napot_mask_reg[28][22]  --> LNF.. 
\v_pmp_napot_mask_reg[28][23]  --> LNF.. 
\v_pmp_napot_mask_reg[28][24]  --> LNF.. 
\v_pmp_napot_mask_reg[28][25]  --> LNF.. 
\v_pmp_napot_mask_reg[28][26]  --> LNF.. 
\v_pmp_napot_mask_reg[28][27]  --> LNF.. 
\v_pmp_napot_mask_reg[28][28]  --> LNF.. 
\v_pmp_napot_mask_reg[28][29]  --> LNF.. 
\v_pmp_napot_mask_reg[28][30]  --> LNF.. 
\v_pmp_napot_mask_reg[28][31]  --> LNF.. 
\v_pmp_napot_mask_reg[29][0]  --> LNF.. 
\v_pmp_napot_mask_reg[29][1]  --> LNF.. 
\v_pmp_napot_mask_reg[29][2]  --> LNF.. 
\v_pmp_napot_mask_reg[29][3]  --> LNF.. 
\v_pmp_napot_mask_reg[29][4]  --> LNF.. 
\v_pmp_napot_mask_reg[29][5]  --> LNF.. 
\v_pmp_napot_mask_reg[29][6]  --> LNF.. 
\v_pmp_napot_mask_reg[29][7]  --> LNF.. 
\v_pmp_napot_mask_reg[29][8]  --> LNF.. 
\v_pmp_napot_mask_reg[29][9]  --> LNF.. 
\v_pmp_napot_mask_reg[29][10]  --> LNF.. 
\v_pmp_napot_mask_reg[29][11]  --> LNF.. 
\v_pmp_napot_mask_reg[29][12]  --> LNF.. 
\v_pmp_napot_mask_reg[29][13]  --> LNF.. 
\v_pmp_napot_mask_reg[29][14]  --> LNF.. 
\v_pmp_napot_mask_reg[29][15]  --> LNF.. 
\v_pmp_napot_mask_reg[29][16]  --> LNF.. 
\v_pmp_napot_mask_reg[29][17]  --> LNF.. 
\v_pmp_napot_mask_reg[29][18]  --> LNF.. 
\v_pmp_napot_mask_reg[29][19]  --> LNF.. 
\v_pmp_napot_mask_reg[29][20]  --> LNF.. 
\v_pmp_napot_mask_reg[29][21]  --> LNF.. 
\v_pmp_napot_mask_reg[29][22]  --> LNF.. 
\v_pmp_napot_mask_reg[29][23]  --> LNF.. 
\v_pmp_napot_mask_reg[29][24]  --> LNF.. 
\v_pmp_napot_mask_reg[29][25]  --> LNF.. 
\v_pmp_napot_mask_reg[29][26]  --> LNF.. 
\v_pmp_napot_mask_reg[29][27]  --> LNF.. 
\v_pmp_napot_mask_reg[29][28]  --> LNF.. 
\v_pmp_napot_mask_reg[29][29]  --> LNF.. 
\v_pmp_napot_mask_reg[29][30]  --> LNF.. 
\v_pmp_napot_mask_reg[29][31]  --> LNF.. 
\v_pmp_napot_mask_reg[30][0]  --> LNF.. 
\v_pmp_napot_mask_reg[30][1]  --> LNF.. 
\v_pmp_napot_mask_reg[30][2]  --> LNF.. 
\v_pmp_napot_mask_reg[30][3]  --> LNF.. 
\v_pmp_napot_mask_reg[30][4]  --> LNF.. 
\v_pmp_napot_mask_reg[30][5]  --> LNF.. 
\v_pmp_napot_mask_reg[30][6]  --> LNF.. 
\v_pmp_napot_mask_reg[30][7]  --> LNF.. 
\v_pmp_napot_mask_reg[30][8]  --> LNF.. 
\v_pmp_napot_mask_reg[30][9]  --> LNF.. 
\v_pmp_napot_mask_reg[30][10]  --> LNF.. 
\v_pmp_napot_mask_reg[30][11]  --> LNF.. 
\v_pmp_napot_mask_reg[30][12]  --> LNF.. 
\v_pmp_napot_mask_reg[30][13]  --> LNF.. 
\v_pmp_napot_mask_reg[30][14]  --> LNF.. 
\v_pmp_napot_mask_reg[30][15]  --> LNF.. 
\v_pmp_napot_mask_reg[30][16]  --> LNF.. 
\v_pmp_napot_mask_reg[30][17]  --> LNF.. 
\v_pmp_napot_mask_reg[30][18]  --> LNF.. 
\v_pmp_napot_mask_reg[30][19]  --> LNF.. 
\v_pmp_napot_mask_reg[30][20]  --> LNF.. 
\v_pmp_napot_mask_reg[30][21]  --> LNF.. 
\v_pmp_napot_mask_reg[30][22]  --> LNF.. 
\v_pmp_napot_mask_reg[30][23]  --> LNF.. 
\v_pmp_napot_mask_reg[30][24]  --> LNF.. 
\v_pmp_napot_mask_reg[30][25]  --> LNF.. 
\v_pmp_napot_mask_reg[30][26]  --> LNF.. 
\v_pmp_napot_mask_reg[30][27]  --> LNF.. 
\v_pmp_napot_mask_reg[30][28]  --> LNF.. 
\v_pmp_napot_mask_reg[30][29]  --> LNF.. 
\v_pmp_napot_mask_reg[30][30]  --> LNF.. 
\v_pmp_napot_mask_reg[30][31]  --> LNF.. 
\v_pmp_napot_mask_reg[31][0]  --> LNF.. 
\v_pmp_napot_mask_reg[31][1]  --> LNF.. 
\v_pmp_napot_mask_reg[31][2]  --> LNF.. 
\v_pmp_napot_mask_reg[31][3]  --> LNF.. 
\v_pmp_napot_mask_reg[31][4]  --> LNF.. 
\v_pmp_napot_mask_reg[31][5]  --> LNF.. 
\v_pmp_napot_mask_reg[31][6]  --> LNF.. 
\v_pmp_napot_mask_reg[31][7]  --> LNF.. 
\v_pmp_napot_mask_reg[31][8]  --> LNF.. 
\v_pmp_napot_mask_reg[31][9]  --> LNF.. 
\v_pmp_napot_mask_reg[31][10]  --> LNF.. 
\v_pmp_napot_mask_reg[31][11]  --> LNF.. 
\v_pmp_napot_mask_reg[31][12]  --> LNF.. 
\v_pmp_napot_mask_reg[31][13]  --> LNF.. 
\v_pmp_napot_mask_reg[31][14]  --> LNF.. 
\v_pmp_napot_mask_reg[31][15]  --> LNF.. 
\v_pmp_napot_mask_reg[31][16]  --> LNF.. 
\v_pmp_napot_mask_reg[31][17]  --> LNF.. 
\v_pmp_napot_mask_reg[31][18]  --> LNF.. 
\v_pmp_napot_mask_reg[31][19]  --> LNF.. 
\v_pmp_napot_mask_reg[31][20]  --> LNF.. 
\v_pmp_napot_mask_reg[31][21]  --> LNF.. 
\v_pmp_napot_mask_reg[31][22]  --> LNF.. 
\v_pmp_napot_mask_reg[31][23]  --> LNF.. 
\v_pmp_napot_mask_reg[31][24]  --> LNF.. 
\v_pmp_napot_mask_reg[31][25]  --> LNF.. 
\v_pmp_napot_mask_reg[31][26]  --> LNF.. 
\v_pmp_napot_mask_reg[31][27]  --> LNF.. 
\v_pmp_napot_mask_reg[31][28]  --> LNF.. 
\v_pmp_napot_mask_reg[31][29]  --> LNF.. 
\v_pmp_napot_mask_reg[31][30]  --> LNF.. 
\v_pmp_napot_mask_reg[31][31]  --> LNF.. 

++++++++++++++++++++++++++++++++++++++++++++++++++++++++++

