SpyGlass run started at 05:31:54 PM on Oct 22 2024

SpyGlass Library Compiler(R) - Version SpyGlass_vT-2022.06-1
Synopsys TestMAX(TM)
Last compiled on Jul 23 2022

All Rights Reserved. Use, disclosure or duplication
without prior written permission of Synopsys Inc. is prohibited.
Technical support: email spyglass_support@synopsys.com.


Running SpyGlass 64-bit Executable: /tools/software/synopsys/spyglass/T-2022.06-1/SPYGLASS_HOME/obj/check.Linux4
Loading Policy: spyglass (Version: SpyGlass_vT-2022.06-1) from path: /tools/software/synopsys/spyglass/T-2022.06-1/SPYGLASS_HOME/policies/spyglass
Loading Shared library libspyglassrules-Linux4.spyso from /tools/software/synopsys/spyglass/T-2022.06-1/SPYGLASS_HOME/lib/libspyglassrules-Linux4.spyso 
Loading Shared library librmerules-Linux4.spyso from /tools/software/synopsys/spyglass/T-2022.06-1/SPYGLASS_HOME/lib/librmerules-Linux4.spyso 
##build_id : T-2022.06-1
##system   : Linux lserver 5.15.0-105-generic #115~20.04.1-Ubuntu SMP Mon Apr 15 17:33:04 UTC 2024 x86_64
##cwd      : /data/usr/qijiahuan/pmp/rtl_qc/work/lint/workspace
##lang     : Verilog+VHDL
##args     : -nl \
             -mSpyGlass::Compatibility::v2_7_3 \
             -lib WORK /data/usr/qijiahuan/pmp/rtl_qc/work/lint/workspace/lint/spyglass_cache/autogenerated_sglib/lc/WORK \
             -quiet \
             -wdir '/data/usr/qijiahuan/pmp/rtl_qc/work/lint/workspace/lint/spyglass_cache/autogenerated_sglib/lc' \
             -gateslib '/tools/software/synopsys/spyglass/T-2022.06-1/SPYGLASS_HOME/examples/sg_shell/design_query/example.lib' \
             -outsglib '/data/usr/qijiahuan/pmp/rtl_qc/work/lint/workspace/lint/spyglass_cache/autogenerated_sglib/aggregate.sglib' \
             -cachedir '/data/usr/qijiahuan/pmp/rtl_qc/work/lint/workspace/lint/spyglass_cache' \
             --libcomp_mode \
             -enable_pass_exit_codes \
             -enable_gateslib_autocompile \
             -64bit 
##verbosity level   : 2
##exact cmdline arg : -mSpyGlass::Compatibility::v2_7_3 --libcomp_mode -enable_gateslib_autocompile -wdir /data/usr/qijiahuan/pmp/rtl_qc/work/lint/workspace/lint/spyglass_cache/autogenerated_sglib/lc -outsglib /data/usr/qijiahuan/pmp/rtl_qc/work/lint/workspace/lint/spyglass_cache/autogenerated_sglib/aggregate.sglib -cachedir /data/usr/qijiahuan/pmp/rtl_qc/work/lint/workspace/lint/spyglass_cache -quiet -nl -64bit -enable_pass_exit_codes -f /data/usr/qijiahuan/pmp/rtl_qc/work/lint/workspace/lint/spyglass_cache/autogenerated_sglib/lib_sources.f
##spyglass_run.csh begins :
;	cd /data/usr/qijiahuan/pmp/rtl_qc/work/lint/workspace
;	setenv ATRENTA_LICENSE_FILE 27020@localhost
;	setenv SPYGLASS_LD_PRELOAD /tools/software/synopsys/spyglass/T-2022.06-1/SPYGLASS_HOME/lib/libreplacemalloc.so /tools/software/synopsys/spyglass/T-2022.06-1/SPYGLASS_HOME/lib/libsgjemalloc-Linux4.so
;	setenv SPYGLASS_DW_PATH /tools/software/synopsys/spyglass/T-2022.06-1/SPYGLASS_HOME/dw_support
;	/tools/software/synopsys/spyglass/T-2022.06-1/SPYGLASS_HOME/bin/spyglass  -mSpyGlass::Compatibility::v2_7_3 --libcomp_mode -enable_gateslib_autocompile -wdir /data/usr/qijiahuan/pmp/rtl_qc/work/lint/workspace/lint/spyglass_cache/autogenerated_sglib/lc -outsglib /data/usr/qijiahuan/pmp/rtl_qc/work/lint/workspace/lint/spyglass_cache/autogenerated_sglib/aggregate.sglib -cachedir /data/usr/qijiahuan/pmp/rtl_qc/work/lint/workspace/lint/spyglass_cache -quiet -nl -64bit -enable_pass_exit_codes -f /data/usr/qijiahuan/pmp/rtl_qc/work/lint/workspace/lint/spyglass_cache/autogenerated_sglib/lib_sources.f
##spyglass_run.csh ends
##files    :
##SGDEBUG [BENCHMARK_ABSOLUTE]: Analysis started: 0 sec, 0.87 sec, 208548 KB, 729692 KB
##SGDEBUG [BENCHMARK_INCR]: Analysis started: 0 sec, 0.87 sec, 208548 KB, 729692 KB
##SGDEBUG [BENCHMARK_ABSOLUTE]: Analysis finished: 1 sec, 0.89 sec, 276596 KB, 795448 KB
##SGDEBUG [BENCHMARK_INCR]: Analysis finished: 1 sec, 0.01 sec, 68048 KB, 65756 KB
##SGDEBUG [BENCHMARK_ABSOLUTE]: Elaboration started: 1 sec, 0.89 sec, 276596 KB, 795448 KB
##SGDEBUG [BENCHMARK_INCR]: Elaboration started: 0 sec, 0.00 sec, 0 KB, 0 KB
 Elaborating Top Verilog Design Unit 'internally_generated_spyglass_library_compiler_top_0' ..... done
##SGDEBUG [BENCHMARK_ABSOLUTE]: Elaboration finished: 1 sec, 0.89 sec, 350020 KB, 868176 KB
##SGDEBUG [BENCHMARK_INCR]: Elaboration finished: 0 sec, 0.01 sec, 73424 KB, 72728 KB
##SGDEBUG [BENCHMARK_ABSOLUTE]: RTL Semantic Checker started: 1 sec, 0.89 sec, 350020 KB, 868176 KB
##SGDEBUG [BENCHMARK_INCR]: RTL Semantic Checker started: 0 sec, 0.00 sec, 0 KB, 0 KB
##SGDEBUG [BENCHMARK_ABSOLUTE]: RTL Semantic Checker finished: 1 sec, 0.89 sec, 350028 KB, 868176 KB
##SGDEBUG [BENCHMARK_INCR]: RTL Semantic Checker finished: 0 sec, 0.00 sec, 8 KB, 0 KB

##SGDEBUG [BENCHMARK_DATA]: Number of RTL Design Units = 163
##SGDEBUG: RTL statistics for Verilog design units:
##SGDEBUG[BENCHMARK_DATA]: RTL Ports = 865 865 0
##SGDEBUG[BENCHMARK_DATA]: RTL Insts = 624
##SGDEBUG[BENCHMARK_DATA]: RTL Nets = 1861 1891 10
##SGDEBUG[BENCHMARK_DATA]: RTL Terms = 2330 1730 0

##SGDEBUG: NOTE: Following estimated data is applicable for structural designs only.
##SGDEBUG:     In case of RTL designs, this data may differ significantly from the actual figure.
##SGDEBUG[BENCHMARK_DATA]: Estimated Flat Insts = 324
##SGDEBUG[BENCHMARK_DATA]: Estimated Flat Nets = 1730
##SGDEBUG[BENCHMARK_DATA]: Estimated Flat Terms = 1730
##SGDEBUG[BENCHMARK_DATA]: Estimated Flat Paths = 1
##SGDEBUG [BENCHMARK_ABSOLUTE]: Synthesis started: 1 sec, 1.39 sec, 351204 KB, 868176 KB
##SGDEBUG [BENCHMARK_INCR]: Synthesis started: 0 sec, 0.50 sec, 1176 KB, 0 KB
 Reading port Interface for .lib cell: LS1_sgLIB2RTL_ 
 Reading port Interface for .lib cell: LS1P_sgLIB2RTL_ 
 Synthesizing module: internally_generated_spyglass_library_compiler_top_0 (elaborated name: internally_generated_spyglass_library_compiler_top_0) ... (Module 1 of total 1)  done 
     (Memory Used = 8.0K(incr), 286724.0K(tot), Cpu Time = 0.01s(incr))
##SGDEBUG [BENCHMARK_ABSOLUTE]: Synthesis completed: 1 sec, 1.55 sec, 287468 KB, 1001332 KB
##SGDEBUG [BENCHMARK_INCR]: Synthesis completed: 0 sec, 0.16 sec, -63736 KB, 133156 KB
##SGDEBUG [BENCHMARK_DATA]: Number of NOM Modules = 161
##SGDEBUG [BENCHMARK_DATA]: Number of NOM Instances = 1330
##SGDEBUG [BENCHMARK_DATA]: Number of NOM Nets = 3363
##SGDEBUG [BENCHMARK_DATA]: Number of NOM Terminals = 4353
##SGDEBUG [BENCHMARK_DATA]: Number of NOM Instances per Module (max and avg) = 324, 8
##SGDEBUG [BENCHMARK_ABSOLUTE]: VS rule checking finished...: 1 sec, 1.56 sec, 287468 KB, 1001332 KB
##SGDEBUG [BENCHMARK_INCR]: VS rule checking finished...: 0 sec, 0.01 sec, 0 KB, 0 KB
##SGDEBUG [BENCHMARK_ABSOLUTE]: Elab View Deletion Finished: 1 sec, 1.56 sec, 221772 KB, 1001332 KB
##SGDEBUG [BENCHMARK_INCR]: Elab View Deletion Finished: 0 sec, 0.00 sec, -65696 KB, 0 KB
##SGDEBUG [BENCHMARK_ABSOLUTE]: After deleting RTL view: 1 sec, 1.56 sec, 153044 KB, 1001332 KB
##SGDEBUG [BENCHMARK_INCR]: After deleting RTL view: 0 sec, 0.00 sec, -68728 KB, 0 KB
##SGDEBUG [PEAK_VMSIZE_END_RULE]: 1001384 KB for entire run at 'End of sparse attrib dump' stage
##SGDEBUG [PEAK_SWAP_MEMORY_END_RULE]: 0 KB for entire run
##SGDEBUG [VMPEAK_MEMORY]: 1001384 KB for entire run
##SGDEBUG [PEAK_RSS_MEMORY]: 242536 KB for entire run
##SGDEBUG [BENCHMARK_ABSOLUTE]: Rule checking finished: 1 sec, 1.58 sec, 152244 KB, 1001384 KB
##SGDEBUG [BENCHMARK_INCR]: Rule checking finished: 0 sec, 0.02 sec, -800 KB, 52 KB


=====================================================================================
							Rule Parameter Table
=====================================================================================

	PARAMETER-NAME                                     VALUE                DEFAULT VALUE
-------------------------------------------------------------------------------------
=====================================================================================



=====================================================================================
                               Rule Status Table

 RULE-NAME                      POLICY-NAME     ENABLED VIOL-CNT RULE-TYPE   ERROR-MSG         
=====================================================================================
-------------------------------------------------------------------------------------
Note: VSDU type of rules (as seen in the above table) are not run on
      unsynthesized modules reported by 'ErrorAnalyzeBBox/InfoAnalyzeBBox' messages
      (Please see messages starting with keyword 'UnsynthesizedDU')


---------------------------------------------------------------------------------------------
Results Summary:
---------------------------------------------------------------------------------------------
   Command-line read  :      0 error,      0 warning,      0 information message 
   Design Read        :      0 error,      0 warning,      0 information message 
   Blackbox Resolution:      0 error,      0 warning,      0 information message 
   SGDC Checks        :      0 error,      0 warning,      0 information message 
   -------------------------------------------------------------------------------------
   Total              :      0 error,      0 warning,      0 information message 

---------------------------------------------------------------------------------------------


===============================================================================
 CELLNAME             Cell Interface View  Function View
===============================================================================
 AN2                       Yes              Yes [LIB: example.lib 11 lib2rtl]
 OR2                       Yes              Yes [LIB: example.lib 32 lib2rtl]
 IV                        Yes              Yes [LIB: example.lib 53 lib2rtl]
 IVP                       Yes              Yes [LIB: example.lib 67 lib2rtl]
 IVA                       Yes              Yes [LIB: example.lib 81 lib2rtl]
 IVAP                      Yes              Yes [LIB: example.lib 95 lib2rtl]
 IVDA                      Yes              Yes [LIB: example.lib 109 lib2rtl]
 IVDAP                     Yes              Yes [LIB: example.lib 130 lib2rtl]
 B5I                       Yes              Yes [LIB: example.lib 151 lib2rtl]
 B5IP                      Yes              Yes [LIB: example.lib 165 lib2rtl]
 B4I                       Yes              Yes [LIB: example.lib 179 lib2rtl]
 B4IP                      Yes              Yes [LIB: example.lib 193 lib2rtl]
 ND2                       Yes              Yes [LIB: example.lib 207 lib2rtl]
 ND2P                      Yes              Yes [LIB: example.lib 228 lib2rtl]
 NR2                       Yes              Yes [LIB: example.lib 249 lib2rtl]
 NR2P                      Yes              Yes [LIB: example.lib 270 lib2rtl]
 EN                        Yes              Yes [LIB: example.lib 291 lib2rtl]
 ND3                       Yes              Yes [LIB: example.lib 312 lib2rtl]
 ND3P                      Yes              Yes [LIB: example.lib 340 lib2rtl]
 NR3                       Yes              Yes [LIB: example.lib 368 lib2rtl]
 NR3P                      Yes              Yes [LIB: example.lib 396 lib2rtl]
 AN3                       Yes              Yes [LIB: example.lib 424 lib2rtl]
 OR3                       Yes              Yes [LIB: example.lib 452 lib2rtl]
 ND4                       Yes              Yes [LIB: example.lib 480 lib2rtl]
 ND4P                      Yes              Yes [LIB: example.lib 515 lib2rtl]
 NR4                       Yes              Yes [LIB: example.lib 550 lib2rtl]
 ND5                       Yes              Yes [LIB: example.lib 585 lib2rtl]
 AO6                       Yes              Yes [LIB: example.lib 627 lib2rtl]
 AO6P                      Yes              Yes [LIB: example.lib 655 lib2rtl]
 AO7                       Yes              Yes [LIB: example.lib 683 lib2rtl]
 AO7P                      Yes              Yes [LIB: example.lib 711 lib2rtl]
 AO2                       Yes              Yes [LIB: example.lib 739 lib2rtl]
 AO2P                      Yes              Yes [LIB: example.lib 774 lib2rtl]
 AO4                       Yes              Yes [LIB: example.lib 809 lib2rtl]
 AO4P                      Yes              Yes [LIB: example.lib 844 lib2rtl]
 AO1                       Yes              Yes [LIB: example.lib 879 lib2rtl]
 AO3                       Yes              Yes [LIB: example.lib 914 lib2rtl]
 AO11                      Yes              Yes [LIB: example.lib 949 lib2rtl]
 AN2P                      Yes              Yes [LIB: example.lib 998 lib2rtl]
 AN3P                      Yes              Yes [LIB: example.lib 1019 lib2rtl]
 AN4                       Yes              Yes [LIB: example.lib 1047 lib2rtl]
 AN4P                      Yes              Yes [LIB: example.lib 1082 lib2rtl]
 OR2P                      Yes              Yes [LIB: example.lib 1117 lib2rtl]
 OR3P                      Yes              Yes [LIB: example.lib 1138 lib2rtl]
 OR4                       Yes              Yes [LIB: example.lib 1166 lib2rtl]
 OR4P                      Yes              Yes [LIB: example.lib 1201 lib2rtl]
 MUX21H                    Yes              Yes [LIB: example.lib 1236 lib2rtl]
 MUX41                     Yes              Yes [LIB: example.lib 1264 lib2rtl]
 NR5                       Yes              Yes [LIB: example.lib 1313 lib2rtl]
 ND6                       Yes              Yes [LIB: example.lib 1355 lib2rtl]
 NR6                       Yes              Yes [LIB: example.lib 1404 lib2rtl]
 ND8                       Yes              Yes [LIB: example.lib 1453 lib2rtl]
 NR8                       Yes              Yes [LIB: example.lib 1516 lib2rtl]
 EON1                      Yes              Yes [LIB: example.lib 1579 lib2rtl]
 EO1                       Yes              Yes [LIB: example.lib 1614 lib2rtl]
 ND5P                      Yes              Yes [LIB: example.lib 1649 lib2rtl]
 NR5P                      Yes              Yes [LIB: example.lib 1691 lib2rtl]
 ND6P                      Yes              Yes [LIB: example.lib 1733 lib2rtl]
 NR6P                      Yes              Yes [LIB: example.lib 1782 lib2rtl]
 ND8P                      Yes              Yes [LIB: example.lib 1831 lib2rtl]
 NR8P                      Yes              Yes [LIB: example.lib 1894 lib2rtl]
 NR16                      Yes              Yes [LIB: example.lib 1957 lib2rtl]
 NR16P                     Yes              Yes [LIB: example.lib 2076 lib2rtl]
 ENP                       Yes              Yes [LIB: example.lib 2195 lib2rtl]
 EOP                       Yes              Yes [LIB: example.lib 2216 lib2rtl]
 EO1P                      Yes              Yes [LIB: example.lib 2237 lib2rtl]
 EON1P                     Yes              Yes [LIB: example.lib 2272 lib2rtl]
 AO1P                      Yes              Yes [LIB: example.lib 2307 lib2rtl]
 AO3P                      Yes              Yes [LIB: example.lib 2342 lib2rtl]
 AO11P                     Yes              Yes [LIB: example.lib 2377 lib2rtl]
 MUX21HP                   Yes              Yes [LIB: example.lib 2426 lib2rtl]
 MUX21L                    Yes              Yes [LIB: example.lib 2454 lib2rtl]
 MUX21LP                   Yes              Yes [LIB: example.lib 2482 lib2rtl]
 MUX31L                    Yes              Yes [LIB: example.lib 2510 lib2rtl]
 MUX31LP                   Yes              Yes [LIB: example.lib 2552 lib2rtl]
 MUX41P                    Yes              Yes [LIB: example.lib 2594 lib2rtl]
 MUX21LA                   Yes              Yes [LIB: example.lib 2643 lib2rtl]
 MUX51H                    Yes              Yes [LIB: example.lib 2678 lib2rtl]
 MUX51HP                   Yes              Yes [LIB: example.lib 2741 lib2rtl]
 MUX81                     Yes              Yes [LIB: example.lib 2804 lib2rtl]
 MUX81P                    Yes              Yes [LIB: example.lib 2861 lib2rtl]
 AO5                       Yes              Yes [LIB: example.lib 2945 lib2rtl]
 AO5P                      Yes              Yes [LIB: example.lib 2973 lib2rtl]
 EN3                       Yes              Yes [LIB: example.lib 3001 lib2rtl]
 EN3P                      Yes              Yes [LIB: example.lib 3029 lib2rtl]
 EO3                       Yes              Yes [LIB: example.lib 3057 lib2rtl]
 EO3P                      Yes              Yes [LIB: example.lib 3085 lib2rtl]
 AO12                      Yes              Yes [LIB: example.lib 3113 lib2rtl]
 AO12P                     Yes              Yes [LIB: example.lib 3176 lib2rtl]
 B1I                       Yes              Yes [LIB: example.lib 3239 lib2rtl]
 MUX21LAP                  Yes              Yes [LIB: example.lib 3256 lib2rtl]
 NR4P                      Yes              Yes [LIB: example.lib 3291 lib2rtl]
 FD1                       Yes              Yes [LIB: example.lib 3326 lib2rtl]
 FD1P                      Yes              Yes [LIB: example.lib 3367 lib2rtl]
 FD1S                      Yes              Yes [LIB: example.lib 3408 lib2rtl]
 FD1SP                     Yes              Yes [LIB: example.lib 3503 lib2rtl]
 FD2                       Yes              Yes [LIB: example.lib 3598 lib2rtl]
 FD2P                      Yes              Yes [LIB: example.lib 3658 lib2rtl]
 FD2S                      Yes              Yes [LIB: example.lib 3720 lib2rtl]
 FD2SP                     Yes              Yes [LIB: example.lib 3838 lib2rtl]
 FD3                       Yes              Yes [LIB: example.lib 3956 lib2rtl]
 FD3P                      Yes              Yes [LIB: example.lib 4037 lib2rtl]
 FD3S                      Yes              Yes [LIB: example.lib 4118 lib2rtl]
 FD3SP                     Yes              Yes [LIB: example.lib 4264 lib2rtl]
 FD4                       Yes              Yes [LIB: example.lib 4409 lib2rtl]
 FD4P                      Yes              Yes [LIB: example.lib 4469 lib2rtl]
 FD4S                      Yes              Yes [LIB: example.lib 4529 lib2rtl]
 FD4SP                     Yes              Yes [LIB: example.lib 4647 lib2rtl]
 FJK1                      Yes              Yes [LIB: example.lib 4765 lib2rtl]
 FJK1P                     Yes              Yes [LIB: example.lib 4816 lib2rtl]
 FJK1S                     Yes              Yes [LIB: example.lib 4867 lib2rtl]
 FJK1SP                    Yes              Yes [LIB: example.lib 4975 lib2rtl]
 FJK2                      Yes              Yes [LIB: example.lib 5083 lib2rtl]
 FJK2P                     Yes              Yes [LIB: example.lib 5153 lib2rtl]
 FJK2S                     Yes              Yes [LIB: example.lib 5223 lib2rtl]
 FJK2SP                    Yes              Yes [LIB: example.lib 5354 lib2rtl]
 FJK3                      Yes              Yes [LIB: example.lib 5485 lib2rtl]
 FJK3P                     Yes              Yes [LIB: example.lib 5576 lib2rtl]
 FJK3S                     Yes              Yes [LIB: example.lib 5667 lib2rtl]
 FJK3SP                    Yes              Yes [LIB: example.lib 5825 lib2rtl]
 LD1                       Yes              Yes [LIB: example.lib 5983 lib2rtl]
 LD1P                      Yes              Yes [LIB: example.lib 6032 lib2rtl]
 LD2                       Yes              Yes [LIB: example.lib 6079 lib2rtl]
 LD2P                      Yes              Yes [LIB: example.lib 6126 lib2rtl]
 LD3                       Yes              Yes [LIB: example.lib 6173 lib2rtl]
 LD3P                      Yes              Yes [LIB: example.lib 6239 lib2rtl]
 LD4                       Yes              Yes [LIB: example.lib 6305 lib2rtl]
 LD4P                      Yes              Yes [LIB: example.lib 6371 lib2rtl]
 B2I                       Yes              Yes [LIB: example.lib 6435 lib2rtl]
 B2IP                      Yes              Yes [LIB: example.lib 6456 lib2rtl]
 B3I                       Yes              Yes [LIB: example.lib 6477 lib2rtl]
 B3IP                      Yes              Yes [LIB: example.lib 6498 lib2rtl]
 D24L                      Yes              Yes [LIB: example.lib 6519 lib2rtl]
 D24LP                     Yes              Yes [LIB: example.lib 6570 lib2rtl]
 FA1                       Yes              Yes [LIB: example.lib 6621 lib2rtl]
 FA1A                      Yes              Yes [LIB: example.lib 6662 lib2rtl]
 FA1AP                     Yes              Yes [LIB: example.lib 6703 lib2rtl]
 FA1P                      Yes              Yes [LIB: example.lib 6744 lib2rtl]
 HA1                       Yes              Yes [LIB: example.lib 6785 lib2rtl]
 HA1P                      Yes              Yes [LIB: example.lib 6816 lib2rtl]
 FDS2                      Yes              Yes [LIB: example.lib 6847 lib2rtl]
 FDS2L                     Yes              Yes [LIB: example.lib 6898 lib2rtl]
 FDS2LP                    Yes              Yes [LIB: example.lib 6961 lib2rtl]
 FDS2P                     Yes              Yes [LIB: example.lib 7024 lib2rtl]
 FT2                       Yes              Yes [LIB: example.lib 7075 lib2rtl]
 FT2P                      Yes              Yes [LIB: example.lib 7121 lib2rtl]
 FT4                       Yes              Yes [LIB: example.lib 7168 lib2rtl]
 FT4P                      Yes              Yes [LIB: example.lib 7215 lib2rtl]
 LD1X4                     Yes              Yes [LIB: example.lib 7262 lib2rtl]
 LD1X4P                    Yes              Yes [LIB: example.lib 7313 lib2rtl]
 LSR0                      Yes              Yes [LIB: example.lib 7479 lib2rtl]
 LSR0P                     Yes              Yes [LIB: example.lib 7524 lib2rtl]
 LSR2                      Yes              Yes [LIB: example.lib 7569 lib2rtl]
 BTS4                      Yes              Yes [LIB: example.lib 7650 lib2rtl]
 BTS4P                     Yes              Yes [LIB: example.lib 7676 lib2rtl]
 BTS5                      Yes              Yes [LIB: example.lib 7702 lib2rtl]
 BTS5P                     Yes              Yes [LIB: example.lib 7728 lib2rtl]
 FD2TS                     Yes              Yes [LIB: example.lib 7754 lib2rtl]
 FD2TSP                    Yes              Yes [LIB: example.lib 7820 lib2rtl]
 RAM1                      Yes              Yes [LIB: example.lib 7873 lib2rtl]
 LS1                       Yes              NO  [cell must have atleast one output 'function' LIB: example.lib 7363]
 LS1P                      Yes              NO  [cell must have atleast one output 'function' LIB: example.lib 7421]
===============================================================================

##status : SpyGlass Library Compilation Complete.

-------------------------------------------------------------------------
Library Compiler Summary Report:
-------------------------------------------------------------------------

        Total Cells Read (.../design_query/example.lib)        162
        Functional view imported from user-supplied HDL          0
        Functional view translated from .lib(s)                160
        Functional view not created                              2

        Compiled Library Output is /data/usr/qijiahuan/pmp/rtl_qc/work/lint/workspace/lint/spyglass_cache/autogenerated_sglib/aggregate.sglib

                List Of Cells without Functional View
                                LS1
                                LS1P

-------------------------------------------------------------------------


SpyGlass Library Compilation Complete.
