
################################################################################
#
# This file has been generated by SpyGlass:
#     Report Name      : no_msg_reporting_rules
#     Report Created by: 
#     Report Created on: 
#     Working Directory: 
#     Report Location  : /data/usr/qijiahuan/pmp/rtl_qc/work/lint/workspace/lint/spyglass_cache/autogenerated_sglib/lc/spyglass_lc_aggregate_reports/no_msg_reporting_rules.rpt
#     SpyGlass Version : 
#     Policy Name      : SpyGlass(SpyGlass_vT-2022.06-1)
#
#     Total Number of Generated Messages :          0
#     Number of Waived Messages          :          0
#     Number of Reported Messages        :          0
#     Number of Overlimit Messages       :          0
#
#
################################################################################

NO VIOLATION RULE REPORT :
++++++++++++++++++++++++++++++++++++++++++++++++++++++++++++++++++++++++++++++++

Following rules did not produce any violation or waived off during spyglass run

++++++++++++++++++++++++++++++++++++++++++++++++++++++++++++++++++++++++++++++++


================================================================================
	INDEX                                   RULE-NAME
================================================================================
	1                                  ZeroSizeFile
================================================================================
